
#0000: #20 #20 #20 #20 #20 #20 #20 #20 #20 #20 #20 #20 #20 #20 #20 #20 
#0010: #20 #20 #20 #20 #20 #20 #20 #20 #20 #20 #20 #20 #20 #20 #20 #20 
#0020: #20 #20 #20 #20 #20 #20 #20 #20 #20 #20 #20 #20 #20 #20 #20 #20 
#0030: #20 #20 #20 #20 #20 #20 #20 #20 #20 #20 #20 #20 #20 #20 #20 #20 
#0040: #20 #20 #20 #20 #20 #20 #20 #20 #20 #20 #20 #20 #20 #20 #20 #20 
#0050: #20 #20 #20 #20 #20 #20 #20 #20 #20 #20 #20 #20 #20 #20 #20 #20 
#0060: #20 #20 #20 #20 #20 #20 #20 #20 #20 #20 #20 #20 #20 #20 #20 #20 
#0070: #20 #20 #20 #20 #20 #20 #20 #20 #20 #20 #20 #20 #20 #20 #20 #20 
#0080: #20 #20 #20 #20 #20 #20 #20 #20 #20 #20 #20 #20 #20 #20 #20 #20 
#0090: #20 #20 #20 #20 #20 #20 #20 #20 #20 #20 #20 #20 #20 #20 #20 #20 
#00A0: #20 #20 #20 #20 #20 #20 #20 #20 #20 #20 #20 #20 #20 #20 #20 #20 
#00B0: #20 #20 #20 #20 #20 #20 #20 #20 #20 #20 #20 #20 #20 #20 #20 #20 
#00C0: #20 #20 #20 #20 #20 #20 #20 #20 #20 #20 #20 #20 #20 #20 #20 #20 
#00D0: #20 #20 #20 #20 #20 #20 #20 #20 #20 #20 #20 #20 #20 #20 #20 #20 
#00E0: #20 #20 #20 #20 #20 #20 #20 #20 #20 #20 #20 #20 #20 #20 #20 #20 
#00F0: #20 #20 #20 #20 #20 #20 #20 #20 #20 #20 #20 #20 #20 #20 #20 #20 
#0100: #20 #20 #20 #20 #20 #20 #20 #20 #20 #20 #20 #20 #20 #20 #20 #20 
#0110: #20 #20 #20 #20 #20 #20 #20 #20 #20 #20 #20 #20 #20 #20 #20 #20 
#0120: #20 #20 #20 #20 #20 #20 #20 #20 #20 #20 #20 #20 #20 #20 #20 #20 
#0130: #20 #20 #20 #20 #20 #20 #20 #20 #20 #20 #20 #20 #20 #20 #20 #20 
#0140: #20 #20 #20 #20 #20 #20 #20 #20 #20 #20 #20 #20 #20 #20 #20 #20 
#0150: #20 #20 #20 #20 #20 #20 #20 #20 #20 #20 #20 #20 #20 #20 #20 #20 
#0160: #20 #20 #20 #20 #20 #20 #20 #20 #20 #20 #20 #20 #20 #20 #20 #20 
#0170: #20 #20 #20 #20 #20 #20 #20 #20 #20 #20 #20 #20 #20 #20 #20 #20 
#0180: #20 #20 #20 #20 #20 #20 #20 #20 #20 #20 #20 #20 #20 #20 #20 #20 
#0190: #20 #20 #20 #20 #20 #20 #20 #20 #20 #20 #20 #20 #20 #20 #20 #20 
#01A0: #20 #20 #20 #20 #20 #20 #20 #20 #20 #20 #20 #20 #20 #20 #20 #20 
#01B0: #20 #20 #20 #20 #20 #20 #20 #20 #20 #20 #20 #20 #20 #20 #20 #20 
#01C0: #20 #20 #20 #20 #20 #20 #20 #20 #20 #20 #20 #20 #20 #20 #20 #20 
#01D0: #20 #20 #20 #20 #20 #49 #50 #53 #2D #58 #70 #20 #32 #30 #30 #32 
#01E0: #2D #30 #39 #2D #32 #32 #20 #31 #2E #30 #2E #36 #20 #20 #20 #20 
#01F0: #20 #20 #20 #20 #20 #20 #20 #20 #20 #20 #20 #20 #20 #20 #20 #20 
#0200: #20 #20 #20 #20 #20 #20 #20 #20 #20 #20 #20 #20 #20 #20 #20 #20 
#0210: #20 #20 #20 #20 #20 #20 #20 #20 #20 #20 #20 #20 #20 #20 #20 #20 
#0220: #20 #20 #20 #20 #20 #20 #20 #20 #20 #20 #20 #20 #20 #20 #20 #20 
#0230: #20 #20 #20 #20 #20 #20 #20 #20 #20 #20 #20 #20 #20 #20 #20 #20 
#0240: #20 #20 #20 #20 #20 #20 #20 #20 #20 #20 #20 #20 #20 #20 #20 #20 
#0250: #20 #20 #20 #20 #20 #20 #20 #20 #20 #20 #20 #20 #20 #20 #20 #20 
#0260: #20 #20 #20 #20 #20 #20 #20 #20 #20 #20 #20 #20 #20 #20 #20 #20 
#0270: #20 #20 #20 #20 #20 #20 #20 #20 #20 #20 #20 #20 #20 #20 #20 #20 
#0280: #20 #20 #20 #20 #20 #20 #20 #20 #20 #20 #20 #20 #20 #20 #20 #20 
#0290: #20 #20 #20 #20 #20 #20 #20 #20 #20 #20 #20 #20 #20 #20 #20 #20 
#02A0: #20 #20 #20 #20 #20 #20 #20 #20 #20 #20 #20 #20 #20 #20 #20 #20 
#02B0: #20 #20 #20 #20 #20 #20 #20 #20 #20 #20 #20 #20 #20 #20 #20 #20 
#02C0: #20 #20 #20 #20 #20 #20 #20 #20 #20 #20 #20 #20 #20 #20 #20 #20 
#02D0: #20 #20 #20 #20 #20 #20 #20 #20 #20 #20 #20 #20 #20 #20 #20 #20 
#02E0: #20 #20 #20 #20 #20 #20 #20 #20 #20 #20 #20 #20 #20 #20 #20 #20 
#02F0: #20 #20 #20 #20 #20 #20 #20 #20 #20 #20 #20 #20 #20 #20 #20 #20 
#0300: #20 #20 #20 #20 #20 #20 #20 #20 #20 #20 #20 #20 #20 #20 #20 #20 
#0310: #20 #20 #20 #20 #20 #20 #20 #20 #20 #20 #20 #20 #20 #20 #20 #20 
#0320: #20 #20 #20 #20 #20 #20 #20 #20 #20 #20 #20 #20 #20 #20 #20 #20 
#0330: #20 #20 #20 #20 #20 #20 #20 #20 #20 #20 #20 #20 #20 #20 #20 #20 
#0340: #20 #20 #20 #20 #20 #20 #20 #20 #20 #20 #20 #20 #20 #20 #20 #20 
#0350: #20 #20 #20 #20 #20 #20 #20 #20 #20 #20 #20 #20 #20 #20 #20 #20 
#0360: #20 #20 #20 #20 #20 #20 #20 #20 #20 #20 #20 #20 #20 #20 #20 #20 
#0370: #20 #20 #20 #20 #20 #20 #20 #20 #20 #20 #20 #20 #20 #20 #20 #20 
#0380: #20 #20 #20 #20 #20 #20 #20 #20 #20 #20 #20 #20 #20 #20 #20 #20 
#0390: #20 #20 #20 #20 #20 #20 #20 #20 #20 #20 #20 #20 #20 #20 #20 #20 
#03A0: #20 #20 #20 #20 #20 #20 #20 #20 #20 #20 #20 #20 #20 #20 #20 #20 
#03B0: #20 #20 #20 #20 #20 #20 #20 #20 #20 #20 #20 #20 #20 #20 #20 #20 
#03C0: #20 #20 #20 #20 #20 #20 #20 #20 #20 #20 #20 #20 #20 #20 #20 #20 
#03D0: #20 #20 #20 #20 #20 #20 #20 #20 #20 #20 #20 #20 #20 #20 #20 #20 
#03E0: #20 #20 #20 #20 #20 #20 #20 #20 #20 #20 #20 #20 #20 #20 #20 #20 
#03F0: #20 #20 #20 #20 #20 #20 #20 #20 #20 #20 #20 #20 #20 #20 #20 #20 
#0400: #1F #0F #74 #15 #16 #05 #16 #05 #16 #05 #16 #05 #16 #05 #16 #05 
#0410: #16 #05 #5E #05 #00 #04 #00 #00 #00 #00 #00 #00 #00 #00 #01 #00 
#0420: #00 #00 #01 #00 #00 #00 #01 #00 #00 #00 #01 #00 #00 #00 #00 #00 
#0430: #00 #00 #02 #00 #00 #00 #00 #00 #00 #FC #17 #00 #00 #00 #F5 #09 
#0440: #00 #00 #00 #00 #00 #00 #00 #00 #00 #00 #00 #00 #00 #00 #00 #00 
#0450: #00 #00 #00 #00 #00 #00 #00 #00 #00 #00 #00 #00 #00 #00 #00 #00 
#0460: #00 #00 #00 #00 #00 #00 #00 #00 #00 #00 #00 #00 #00 #00 #00 #00 
#0470: #00 #00 #00 #00 #00 #00 #00 #00 #00 #00 #00 #00 #00 #00 #00 #00 
#0480: #00 #00 #00 #00 #00 #00 #00 #00 #00 #00 #00 #00 #00 #00 #00 #00 
#0490: #00 #00 #00 #00 #00 #00 #00 #00 #00 #00 #00 #00 #00 #00 #00 #00 
#04A0: #00 #00 #00 #00 #00 #00 #00 #00 #00 #00 #00 #00 #00 #00 #00 #00 
#04B0: #00 #00 #00 #00 #00 #00 #00 #00 #00 #00 #00 #00 #00 #00 #00 #00 
#04C0: #00 #00 #00 #00 #00 #00 #00 #00 #00 #00 #00 #00 #00 #00 #00 #00 
#04D0: #00 #00 #00 #00 #00 #00 #00 #00 #00 #00 #00 #00 #00 #00 #00 #00 
#04E0: #00 #00 #00 #00 #00 #00 #00 #00 #00 #00 #00 #00 #00 #00 #00 #00 
#04F0: #00 #00 #00 #00 #00 #00 #00 #00 #00 #00 #00 #00 #00 #00 #00 #00 
#0500: #00 #00 #00 #00 #00 #00 #00 #00 #00 #00 #00 #00 #00 #00 #00 #00 
#0510: #0F #90 #97 #D1 #00 #00 #00 #00 #05 #C8 #F3 #48 #10 #05 #04 #00 
#0520: #02 #0A #D5 #5F #18 #05 #05 #00 #02 #12 #D5 #5F #20 #05 #06 #00 
#0530: #02 #0B #51 #5F #28 #05 #07 #00 #02 #13 #51 #5F #30 #05 #08 #00 
#0540: #09 #6E #EB #5A #38 #05 #09 #00 #09 #BC #DC #BA #40 #05 #0A #00 
#0550: #05 #E9 #BB #91 #48 #05 #0B #00 #04 #70 #C0 #F1 #50 #05 #0C #00 
#0560: #03 #A4 #38 #12 #58 #05 #0D #00 #04 #65 #A0 #E0 #60 #05 #0E #00 
#0570: #02 #0B #79 #5F #68 #05 #0F #00 #02 #0B #61 #5F #70 #05 #10 #00 
#0580: #03 #BA #78 #8A #78 #05 #11 #00 #04 #7B #E0 #78 #80 #05 #12 #00 
#0590: #04 #2B #3C #70 #88 #05 #13 #00 #03 #64 #70 #7A #90 #05 #14 #00 
#05A0: #03 #D0 #3C #3A #98 #05 #15 #00 #03 #E4 #3C #3A #A0 #05 #16 #00 
#05B0: #01 #38 #AF #9D #A8 #05 #17 #00 #03 #CF #54 #32 #B0 #05 #18 #00 
#05C0: #03 #DD #54 #3A #B8 #05 #19 #00 #03 #17 #6E #42 #C0 #05 #1A #00 
#05D0: #03 #27 #6E #5A #C8 #05 #1B #00 #03 #07 #6E #4A #D0 #05 #1C #00 
#05E0: #03 #11 #5A #5A #D8 #05 #1D #00 #07 #8E #B8 #5A #E0 #05 #1E #00 
#05F0: #05 #33 #E0 #F0 #E8 #05 #1F #00 #03 #82 #14 #02 #F0 #05 #20 #00 
#0600: #04 #08 #40 #79 #F8 #05 #21 #00 #03 #94 #4C #82 #00 #06 #22 #00 
#0610: #03 #D2 #08 #BA #08 #06 #23 #00 #04 #F5 #F0 #49 #10 #06 #24 #00 
#0620: #04 #37 #F0 #48 #18 #06 #25 #00 #04 #63 #10 #48 #20 #06 #26 #00 
#0630: #05 #60 #16 #40 #28 #06 #27 #00 #06 #09 #32 #60 #30 #06 #28 #00 
#0640: #07 #D4 #08 #66 #38 #06 #29 #00 #04 #47 #0E #AC #40 #06 #2A #00 
#0650: #02 #82 #15 #5F #48 #06 #2B #00 #05 #B1 #EB #04 #50 #06 #2C #00 
#0660: #04 #EB #60 #FD #58 #06 #2D #00 #09 #E5 #75 #59 #60 #06 #2E #00 
#0670: #06 #18 #0E #3C #68 #06 #2F #00 #06 #0F #9E #5D #70 #06 #30 #00 
#0680: #03 #CC #0C #B2 #78 #06 #31 #00 #04 #C9 #D8 #91 #80 #06 #32 #00 
#0690: #0A #16 #6C #82 #88 #06 #33 #00 #09 #77 #51 #5A #90 #06 #34 #00 
#06A0: #0A #4D #3D #95 #98 #06 #35 #00 #09 #FD #AC #2F #A0 #06 #36 #00 
#06B0: #09 #3B #BE #4D #A8 #06 #37 #00 #09 #0B #59 #30 #B0 #06 #38 #00 
#06C0: #08 #0A #98 #E1 #B8 #06 #39 #00 #09 #25 #8F #55 #C0 #06 #3A #00 
#06D0: #07 #6A #97 #61 #C8 #06 #3B #00 #07 #98 #9B #82 #D0 #06 #3C #00 
#06E0: #03 #4C #76 #32 #D8 #06 #3D #00 #02 #80 #15 #5F #E0 #06 #3F #00 
#06F0: #02 #8C #15 #5F #E8 #06 #40 #00 #08 #93 #48 #84 #F0 #06 #80 #00 
#0700: #0A #C2 #C9 #AE #F8 #06 #81 #00 #08 #CC #8D #0D #00 #07 #82 #00 
#0710: #07 #46 #86 #D7 #08 #07 #83 #00 #07 #2D #98 #A2 #10 #07 #84 #00 
#0720: #06 #CC #51 #1E #18 #07 #85 #00 #07 #85 #5A #86 #20 #07 #86 #00 
#0730: #06 #AD #43 #5E #28 #07 #87 #00 #07 #3A #F1 #4C #30 #07 #88 #00 
#0740: #06 #74 #CA #1F #38 #07 #89 #00 #0A #A6 #3C #AE #40 #07 #8A #00 
#0750: #0B #0D #97 #EB #48 #07 #8B #00 #05 #7E #D6 #68 #50 #07 #8C #00 
#0760: #06 #EC #2A #FD #58 #07 #8D #00 #05 #75 #66 #C1 #60 #07 #8E #00 
#0770: #06 #E4 #93 #CC #68 #07 #8F #00 #05 #77 #56 #C1 #70 #07 #90 #00 
#0780: #05 #D7 #92 #C0 #78 #07 #91 #00 #05 #41 #72 #41 #80 #07 #92 #00 
#0790: #06 #D6 #F3 #6D #88 #07 #93 #00 #07 #DB #07 #F6 #90 #07 #94 #00 
#07A0: #07 #B5 #25 #FD #98 #07 #95 #00 #04 #CD #48 #71 #A0 #07 #96 #00 
#07B0: #07 #79 #05 #CD #A8 #07 #97 #00 #08 #FA #8B #0A #B0 #07 #98 #00 
#07C0: #09 #0A #04 #ED #B8 #07 #99 #00 #08 #BB #DC #89 #C0 #07 #9A #00 
#07D0: #07 #EE #44 #F3 #C8 #07 #9B #00 #0B #FD #25 #BE #D0 #07 #9C #00 
#07E0: #07 #94 #37 #14 #D8 #07 #03 #00 #00 #00 #00 #00 #00 #00 #00 #00 
#07F0: #00 #00 #00 #00 #00 #00 #00 #00 #00 #00 #00 #00 #00 #00 #00 #00 
#0800: #07 #77 #B0 #06 #E0 #07 #03 #00 #01 #00 #03 #00 #02 #00 #4E #05 
#0810: #46 #05 #56 #05 #5E #05 #36 #06 #3E #06 #46 #06 #1E #05 #00 #00 
#0820: #03 #AE #0C #02 #00 #08 #02 #00 #18 #04 #03 #4A #78 #32 #20 #08 
#0830: #02 #00 #1E #04 #03 #48 #78 #32 #2A #08 #02 #00 #22 #04 #03 #4E 
#0840: #78 #32 #34 #08 #02 #00 #26 #04 #03 #4C #78 #32 #3E #08 #02 #00 
#0850: #2A #04 #05 #70 #C9 #08 #48 #08 #02 #00 #02 #04 #02 #0B #2D #5F 
#0860: #52 #08 #01 #00 #7E #05 #D6 #05 #1E #05 #03 #07 #56 #4A #5C #08 
#0870: #01 #00 #7E #05 #CE #05 #F6 #05 #1E #05 #02 #0B #21 #5F #6A #08 
#0880: #01 #00 #7E #05 #CE #05 #1E #05 #03 #27 #5A #5A #7A #08 #01 #00 
#0890: #7E #05 #DE #05 #F6 #05 #1E #05 #02 #0B #25 #5F #88 #08 #01 #00 
#08A0: #7E #05 #DE #05 #1E #05 #03 #07 #5A #4A #98 #08 #01 #00 #7E #05 
#08B0: #D6 #05 #F6 #05 #1E #05 #04 #7F #76 #AC #A6 #08 #01 #00 #CE #05 
#08C0: #F6 #05 #1E #05 #02 #0B #7D #5F #B6 #08 #01 #00 #56 #06 #66 #05 
#08D0: #1E #05 #02 #88 #15 #5F #C4 #08 #01 #00 #5E #06 #66 #05 #1E #05 
#08E0: #04 #BC #68 #35 #D2 #08 #01 #00 #46 #05 #00 #96 #05 #5E #06 #1E 
#08F0: #05 #02 #0B #69 #5F #E0 #08 #01 #00 #E6 #08 #66 #05 #1E #05 #03 
#0900: #02 #10 #C2 #F1 #08 #01 #00 #E6 #08 #96 #05 #66 #05 #1E #05 #03 
#0910: #77 #2A #F2 #FF #08 #01 #00 #86 #05 #26 #05 #AE #05 #76 #05 #96 
#0920: #05 #36 #05 #1E #05 #07 #8D #55 #25 #0F #09 #02 #00 #C0 #01 #09 
#0930: #10 #A7 #26 #25 #09 #02 #00 #2E #04 #03 #90 #6E #8A #2F #09 #02 
#0940: #00 #2F #04 #03 #88 #6E #8A #39 #09 #02 #00 #31 #04 #03 #38 #6E 
#0950: #8A #43 #09 #02 #00 #33 #04 #03 #3E #6E #8A #4D #09 #02 #00 #35 
#0960: #04 #03 #3C #6E #8A #57 #09 #02 #00 #37 #04 #02 #07 #45 #5F #61 
#0970: #09 #02 #00 #39 #04 #08 #70 #33 #23 #6B #09 #02 #00 #3B #04 #03 
#0980: #82 #62 #8A #75 #09 #02 #00 #F8 #FF #03 #82 #1A #8A #7F #09 #02 
#0990: #00 #00 #FF #03 #82 #1E #8A #89 #09 #02 #00 #FC #17 #05 #EB #E6 
#09A0: #58 #93 #09 #02 #00 #01 #00 #05 #D8 #92 #78 #9D #09 #02 #00 #03 
#09B0: #00 #06 #2A #10 #AF #A7 #09 #02 #00 #02 #00 #03 #3A #74 #0A #B1 
#09C0: #09 #02 #00 #00 #00 #03 #32 #74 #0A #BB #09 #02 #00 #00 #01 #03 
#09D0: #2A #74 #0A #C5 #09 #02 #00 #00 #02 #04 #C7 #6C #FD #CF #09 #02 
#09E0: #00 #00 #00 #04 #EB #6C #FD #D9 #09 #02 #00 #FF #03 #03 #92 #16 
#09F0: #8A #E3 #09 #03 #00 #00 #00 #00 #00 #03 #BC #66 #8A #ED #09 #03 
#0A00: #00 #01 #00 #03 #38 #36 #8A #F9 #09 #03 #00 #00 #00 #03 #3E #36 
#0A10: #8A #03 #0A #03 #00 #00 #00 #03 #8C #02 #8A #0D #0A #03 #00 #00 
#0A20: #00 #05 #DD #C7 #70 #17 #0A #03 #00 #00 #00 #03 #E0 #38 #BA #21 
#0A30: #0A #03 #00 #00 #00 #03 #F8 #38 #BA #2B #0A #03 #00 #01 #00 #0B 
#0A40: #4A #D2 #06 #35 #0A #03 #00 #00 #00 #07 #F8 #BE #D8 #3F #0A #03 
#0A50: #00 #00 #00 #0B #DB #95 #3D #49 #0A #03 #00 #00 #00 #03 #38 #76 
#0A60: #8A #53 #0A #03 #00 #00 #00 #04 #CE #0C #11 #5D #0A #03 #00 #C9 
#0A70: #17 #05 #4A #17 #60 #67 #0A #03 #00 #01 #00 #0C #A3 #7F #95 #71 
#0A80: #0A #03 #00 #53 #54 #41 #50 #45 #4C #20 #4C #45 #45 #52 #20 #21 
#0A90: #20 #20 #20 #0E #2C #A1 #CF #7B #0A #03 #00 #53 #54 #41 #43 #4B 
#0AA0: #20 #45 #4D #50 #54 #59 #20 #21 #20 #20 #20 #0A #59 #BC #F2 #93 
#0AB0: #0A #03 #00 #53 #50 #45 #49 #43 #48 #45 #52 #20 #56 #4F #4C #4C 
#0AC0: #20 #21 #20 #0C #CF #02 #FD #AB #0A #03 #00 #4D #45 #4D #4F #52 
#0AD0: #59 #20 #46 #55 #4C #4C #20 #21 #20 #20 #20 #0B #2C #02 #99 #C3 
#0AE0: #0A #03 #00 #4E #41 #4D #45 #20 #46 #45 #48 #4C #54 #20 #21 #20 
#0AF0: #20 #20 #20 #0D #C3 #2F #E5 #DB #0A #03 #00 #4E #41 #4D #45 #20 
#0B00: #4D #49 #53 #53 #49 #4E #47 #20 #21 #20 #20 #0C #0A #DC #4E #F3 
#0B10: #0A #03 #00 #53 #54 #52 #55 #4B #54 #55 #52 #46 #45 #48 #4C #45 
#0B20: #52 #20 #21 #0E #85 #02 #14 #0B #0B #03 #00 #53 #54 #52 #55 #43 
#0B30: #54 #55 #52 #45 #20 #45 #52 #52 #4F #52 #21 #0B #66 #40 #5E #23 
#0B40: #0B #03 #00 #54 #45 #58 #54 #46 #45 #48 #4C #45 #52 #20 #21 #20 
#0B50: #20 #20 #20 #0D #89 #6D #22 #3B #0B #03 #00 #54 #45 #58 #54 #2D 
#0B60: #45 #52 #52 #4F #52 #20 #21 #20 #20 #20 #20 #09 #28 #55 #E3 #53 
#0B70: #0B #03 #00 #55 #4E #5A #55 #4C #2E #20 #4E #41 #4D #45 #20 #21 
#0B80: #20 #20 #20 #0B #77 #52 #3E #6B #0B #03 #00 #44 #55 #50 #4C #49 
#0B90: #43 #41 #54 #45 #20 #4E #41 #4D #45 #20 #21 #02 #49 #45 #5F #83 
#0BA0: #0B #03 #00 #00 #00 #03 #BC #92 #8A #9B #0B #02 #00 #3C #04 #03 
#0BB0: #DC #92 #8A #A5 #0B #01 #00 #A1 #0B #26 #05 #76 #05 #1E #05 #04 
#0BC0: #CB #B9 #25 #AF #0B #01 #00 #A1 #0B #26 #05 #7E #05 #1E #05 #02 
#0BD0: #49 #51 #5F #BF #0B #01 #00 #B5 #0B #36 #05 #1E #05 #03 #8A #16 
#0BE0: #8A #CF #0B #03 #00 #00 #00 #03 #8A #92 #8A #DD #0B #03 #00 #02 
#0BF0: #00 #03 #B2 #92 #8A #E7 #0B #03 #00 #00 #40 #03 #EE #92 #8A #F1 
#0C00: #0B #02 #00 #00 #40 #09 #1D #34 #9D #FB #0B #01 #00 #A1 #0B #26 
#0C10: #05 #CE #05 #56 #05 #1D #0C #06 #08 #5E #05 #1F #0C #E6 #07 #76 
#0C20: #05 #26 #05 #1E #05 #09 #AE #2A #44 #05 #0C #01 #00 #A1 #0B #26 
#0C30: #05 #CE #05 #56 #05 #3D #0C #6D #0A #5E #05 #44 #0C #E6 #07 #46 
#0C40: #05 #16 #76 #05 #1E #05 #04 #E0 #98 #29 #25 #0C #01 #00 #86 #05 
#0C50: #26 #05 #46 #05 #01 #76 #05 #96 #05 #36 #05 #1E #05 #04 #8C #A0 
#0C60: #11 #46 #0C #01 #00 #71 #09 #26 #05 #1E #05 #05 #B2 #09 #25 #5D 
#0C70: #0C #01 #00 #63 #0C #46 #05 #02 #76 #05 #71 #09 #36 #05 #1E #05 
#0C80: #04 #C1 #20 #7D #6B #0C #01 #00 #63 #0C #B5 #0B #36 #05 #71 #0C 
#0C90: #1E #05 #04 #8D #20 #45 #80 #0C #01 #00 #86 #05 #BE #06 #86 #05 
#0CA0: #2E #05 #46 #05 #80 #06 #06 #9E #05 #3E #05 #49 #09 #36 #05 #E9 
#0CB0: #09 #3F #09 #36 #05 #46 #05 #00 #35 #09 #3E #05 #1E #05 #02 #1C 
#0CC0: #71 #5F #92 #0C #01 #00 #53 #09 #26 #05 #86 #05 #49 #09 #26 #05 
#0CD0: #46 #05 #01 #7E #05 #36 #06 #E8 #0C #B6 #05 #2E #05 #46 #05 #80 
#0CE0: #0E #06 #B6 #05 #3E #05 #3E #06 #D9 #0C #98 #0C #66 #05 #96 #06 
#0CF0: #1E #05 #05 #56 #FA #60 #BE #0C #02 #00 #00 #00 #08 #96 #30 #53 
#0D00: #F2 #0C #01 #00 #F8 #0C #76 #05 #2B #09 #46 #05 #10 #4E #06 #46 
#0D10: #05 #00 #C4 #0C #1E #05 #04 #15 #4E #A9 #FC #0C #01 #00 #86 #05 
#0D20: #4E #05 #00 #01 #62 #08 #56 #05 #50 #0D #4E #05 #00 #01 #7E #05 
#0D30: #BE #05 #8E #05 #4E #05 #00 #01 #4E #06 #4E #05 #00 #01 #76 #05 
#0D40: #96 #05 #4E #05 #00 #01 #76 #05 #96 #05 #C6 #05 #5E #05 #1E #0D 
#0D50: #86 #05 #D6 #05 #56 #05 #5E #0D #4E #06 #5E #05 #62 #0D #6E #05 
#0D60: #66 #05 #1E #05 #05 #7F #2E #C1 #16 #0D #01 #00 #A1 #0B #26 #05 
#0D70: #CE #05 #56 #05 #8B #0D #6D #0A #26 #05 #67 #09 #36 #05 #46 #05 
#0D80: #00 #AB #0B #36 #05 #76 #06 #5E #05 #BD #0D #E6 #07 #46 #05 #16 
#0D90: #76 #05 #26 #05 #67 #09 #36 #05 #A1 #0B #26 #05 #AB #0B #36 #05 
#0DA0: #76 #06 #86 #05 #CE #05 #56 #05 #BD #0D #66 #05 #6D #0A #26 #05 
#0DB0: #67 #09 #36 #05 #46 #05 #00 #AB #0B #36 #05 #76 #06 #1E #05 #05 
#0DC0: #6A #B6 #60 #64 #0D #01 #00 #46 #05 #00 #35 #09 #2E #05 #46 #05 
#0DD0: #00 #5D #09 #36 #05 #56 #05 #48 #0E #46 #05 #01 #7E #06 #D6 #05 
#0DE0: #56 #05 #48 #0E #49 #09 #26 #05 #53 #09 #36 #05 #46 #05 #02 #7E 
#0DF0: #06 #6E #05 #4E #05 #57 #CE #46 #05 #8D #53 #09 #26 #05 #49 #09 
#0E00: #26 #05 #9E #05 #7E #05 #86 #05 #46 #05 #3F #62 #08 #56 #05 #16 
#0E10: #0E #66 #05 #46 #05 #3F #86 #05 #F3 #09 #3E #05 #46 #05 #01 #7E 
#0E20: #05 #9E #05 #76 #05 #36 #06 #31 #0E #B6 #05 #2E #05 #6E #06 #3E 
#0E30: #06 #29 #0E #F3 #09 #46 #05 #03 #76 #05 #3E #05 #F3 #09 #46 #05 
#0E40: #01 #76 #05 #36 #05 #46 #05 #01 #1E #05 #05 #CA #22 #61 #BF #0D 
#0E50: #01 #00 #46 #05 #01 #46 #05 #00 #49 #09 #26 #05 #46 #05 #01 #7E 
#0E60: #05 #53 #09 #26 #05 #46 #05 #2D #9E #05 #2E #05 #80 #08 #56 #05 
#0E70: #84 #0E #46 #05 #01 #76 #05 #4E #05 #FF #FF #BE #05 #46 #05 #0A 
#0E80: #5E #05 #BE #0E #46 #05 #01 #BE #05 #46 #05 #23 #9E #05 #2E #05 
#0E90: #80 #08 #56 #05 #A2 #0E #46 #05 #01 #76 #05 #46 #05 #10 #5E #05 
#0EA0: #BE #0E #46 #05 #42 #9E #05 #2E #05 #80 #08 #56 #05 #BB #0E #46 
#0EB0: #05 #01 #76 #05 #46 #05 #02 #5E #05 #BE #0E #46 #05 #0A #27 #0A 
#0EC0: #36 #05 #96 #05 #36 #06 #0F #0F #27 #0A #26 #05 #CA #08 #B6 #05 
#0ED0: #2E #05 #86 #05 #46 #05 #3A #9E #08 #56 #05 #E2 #0E #46 #05 #30 
#0EE0: #7E #05 #86 #05 #46 #05 #40 #62 #08 #56 #05 #F2 #0E #46 #05 #37 
#0EF0: #7E #05 #86 #05 #27 #0A #26 #05 #8E #08 #9E #05 #DE #05 #06 #06 
#0F00: #56 #05 #0B #0F #66 #05 #46 #05 #00 #A6 #05 #76 #05 #3E #06 #C8 
#0F10: #0E #C6 #05 #CA #08 #96 #05 #1E #05 #08 #94 #94 #59 #4A #0E #01 
#0F20: #00 #C5 #0D #56 #05 #7D #10 #6A #0D #46 #05 #01 #31 #0A #2E #05 
#0F30: #56 #05 #72 #0F #9E #05 #4E #05 #16 #05 #80 #08 #56 #05 #4B #0F 
#0F40: #46 #05 #00 #31 #0A #36 #05 #5E #05 #72 #0F #4F #0A #26 #05 #56 
#0F50: #05 #5F #0F #6E #05 #46 #05 #00 #46 #05 #01 #5E #05 #72 #0F #9E 
#0F60: #05 #3B #0A #26 #05 #9E #08 #56 #05 #72 #0F #C4 #0C #66 #05 #46 
#0F70: #05 #00 #56 #05 #7D #10 #86 #05 #CE #05 #56 #05 #E6 #0F #66 #05 
#0F80: #50 #0E #56 #05 #E0 #0F #59 #0A #2E #05 #56 #05 #C9 #0F #86 #05 
#0F90: #4E #05 #00 #FF #FE #05 #CE #05 #77 #0A #26 #05 #46 #05 #01 #80 
#0FA0: #08 #FE #05 #56 #05 #BC #0F #46 #05 #08 #0B #0C #86 #0C #63 #0C 
#0FB0: #B5 #0B #3E #05 #71 #09 #4C #0C #5E #05 #C5 #0F #46 #05 #06 #0B 
#0FC0: #0C #86 #0C #86 #0C #5E #05 #DC #0F #31 #0A #2E #05 #56 #05 #DC 
#0FD0: #0F #45 #0A #36 #05 #46 #05 #00 #4F #0A #36 #05 #5E #05 #E2 #0F 
#0FE0: #C4 #0C #5E #05 #67 #10 #86 #05 #46 #05 #06 #7E #05 #2E #05 #46 
#0FF0: #05 #C0 #FE #05 #59 #0A #2E #05 #06 #06 #86 #05 #46 #05 #01 #80 
#1000: #08 #56 #05 #25 #10 #66 #05 #63 #0C #B5 #0B #8F #09 #E6 #05 #56 
#1010: #05 #1D #10 #66 #05 #B1 #0A #02 #0D #5E #05 #21 #10 #C5 #0B #86 
#1020: #0C #5E #05 #67 #10 #86 #05 #46 #05 #80 #80 #08 #96 #05 #46 #05 
#1030: #C1 #80 #08 #06 #06 #56 #05 #3F #10 #C4 #0C #5E #05 #67 #10 #86 
#1040: #05 #A1 #0B #26 #05 #86 #05 #CE #05 #A6 #05 #9E #08 #06 #06 #56 
#1050: #05 #65 #10 #C6 #05 #63 #0A #36 #05 #66 #06 #63 #0A #26 #05 #BE 
#1060: #05 #5E #05 #67 #10 #C4 #0C #C6 #06 #85 #09 #62 #08 #56 #05 #7D 
#1070: #10 #85 #09 #CE #06 #81 #0A #02 #0D #66 #05 #09 #0A #35 #09 #2E 
#1080: #05 #5D #09 #2E #05 #FE #05 #56 #05 #AE #10 #46 #05 #20 #D5 #09 
#1090: #3E #05 #D5 #09 #86 #05 #46 #05 #01 #76 #05 #49 #09 #26 #05 #D5 
#10A0: #09 #7E #05 #46 #05 #01 #7E #05 #1C #0D #D5 #09 #98 #0C #1E #05 
#10B0: #0A #8D #9C #B0 #19 #0F #01 #00 #77 #0A #26 #05 #46 #05 #02 #80 
#10C0: #08 #63 #0C #B5 #0B #46 #05 #01 #FE #05 #BC #08 #FE #05 #56 #05 
#10D0: #D6 #10 #71 #09 #4C #0C #09 #0A #1D #0A #36 #05 #C5 #0D #86 #05 
#10E0: #56 #05 #2E #11 #6A #0D #CE #05 #F6 #05 #FF #09 #26 #05 #FE #05 
#10F0: #56 #05 #01 #11 #71 #0B #02 #0D #66 #05 #46 #05 #00 #5E #05 #2A 
#1100: #11 #63 #0C #86 #05 #B5 #0B #1D #0A #36 #05 #2B #0C #26 #05 #71 
#1110: #0C #71 #0C #86 #0C #F3 #09 #9E #05 #B5 #0B #46 #05 #04 #4E #06 
#1120: #2B #0C #36 #05 #63 #0C #96 #05 #71 #0C #5E #05 #32 #11 #E1 #0A 
#1130: #02 #0D #1E #05 #07 #C5 #C3 #7F #B0 #10 #01 #00 #C5 #0D #56 #05 
#1140: #5C #11 #6A #0D #86 #05 #CE #05 #56 #05 #55 #11 #C4 #0C #46 #05 
#1150: #00 #5E #05 #58 #11 #46 #05 #01 #5E #05 #63 #11 #E1 #0A #02 #0D 
#1160: #46 #05 #00 #1E #05 #42 #0B #49 #5F #34 #11 #01 #00 #3A #11 #56 
#1170: #05 #86 #11 #C5 #0B #59 #0A #26 #05 #56 #05 #86 #11 #46 #05 #06 
#1180: #0B #0C #86 #0C #86 #0C #1E #05 #82 #0B #39 #5F #65 #11 #01 #00 
#1190: #46 #05 #14 #0B #0C #86 #0C #46 #05 #00 #59 #0A #3E #05 #13 #0A 
#11A0: #70 #08 #56 #05 #D2 #11 #11 #0B #F8 #0C #76 #05 #2B #09 #46 #05 
#11B0: #20 #76 #05 #46 #05 #10 #4E #06 #2B #0C #26 #05 #86 #05 #71 #09 
#11C0: #36 #05 #46 #05 #04 #76 #05 #26 #05 #2B #0C #36 #05 #46 #05 #00 
#11D0: #C4 #0C #1E #05 #C2 #0B #3D #5F #88 #11 #01 #00 #B6 #10 #56 #05 
#11E0: #F4 #11 #46 #05 #00 #0B #0C #96 #05 #D5 #0B #46 #05 #01 #59 #0A 
#11F0: #3E #05 #13 #0A #1E #05 #09 #39 #68 #61 #D4 #11 #01 #00 #1D #0A 
#1200: #26 #05 #2E #05 #06 #06 #1D #0A #26 #05 #3E #05 #1E #05 #C6 #16 
#1210: #4F #62 #F6 #11 #01 #00 #DA #11 #46 #05 #80 #FC #11 #1E #05 #C5 
#1220: #28 #DD #68 #0E #12 #01 #00 #DA #11 #46 #05 #40 #FC #11 #1E #05 
#1230: #C4 #72 #CC #14 #1F #12 #01 #00 #DA #11 #46 #05 #C0 #FC #11 #1E 
#1240: #05 #83 #C4 #28 #FA #30 #12 #01 #00 #46 #05 #0A #0B #0C #86 #0C 
#1250: #63 #0C #71 #0C #1E #05 #84 #A5 #0C #51 #41 #12 #01 #00 #63 #0C 
#1260: #96 #05 #D5 #0B #1E #05 #85 #9E #78 #A0 #56 #12 #01 #00 #46 #05 
#1270: #0C #0B #0C #86 #0C #63 #0C #71 #0C #96 #05 #5C #12 #1E #05 #82 
#1280: #1C #7D #5F #66 #12 #01 #00 #46 #05 #0E #0B #0C #86 #0C #63 #0C 
#1290: #71 #0C #1E #05 #83 #26 #78 #DA #7F #12 #01 #00 #46 #05 #10 #0B 
#12A0: #0C #86 #0C #86 #05 #5C #12 #46 #05 #02 #76 #05 #86 #0C #1E #05 
#12B0: #84 #E8 #80 #2D #94 #12 #01 #00 #46 #05 #12 #0B #0C #86 #0C #86 
#12C0: #05 #5C #12 #46 #05 #02 #76 #05 #86 #0C #1E #05 #86 #57 #04 #9E 
#12D0: #B0 #12 #01 #00 #63 #0C #1E #05 #85 #00 #BE #08 #CC #12 #01 #00 
#12E0: #46 #05 #0A #0B #0C #86 #0C #86 #0C #1E #05 #8C #25 #B0 #1D #D8 
#12F0: #12 #01 #00 #96 #05 #46 #05 #0C #0B #0C #86 #0C #86 #0C #5C #12 
#1300: #1E #05 #C3 #76 #10 #F2 #EB #12 #01 #00 #B6 #10 #56 #05 #1B #13 
#1310: #46 #05 #04 #0B #0C #96 #05 #D5 #0B #86 #0C #1E #05 #C3 #9E #28 
#1320: #1A #02 #13 #01 #00 #B6 #10 #56 #05 #36 #13 #46 #05 #02 #0B #0C 
#1330: #96 #05 #D5 #0B #86 #0C #1E #05 #C4 #C9 #44 #71 #1D #13 #01 #00 
#1340: #B6 #10 #56 #05 #57 #13 #46 #05 #02 #0B #0C #96 #05 #D5 #0B #63 
#1350: #0C #76 #05 #71 #09 #36 #05 #1E #05 #02 #36 #19 #5F #38 #13 #03 
#1360: #00 #00 #01 #05 #D9 #FF #68 #59 #13 #01 #00 #5F #13 #26 #05 #3E 
#1370: #05 #5F #13 #4C #0C #1E #05 #08 #8E #52 #36 #63 #13 #01 #00 #B6 
#1380: #05 #46 #05 #01 #76 #05 #C6 #05 #2E #05 #8E #05 #76 #05 #BE #05 
#1390: #5F #13 #26 #05 #8E #05 #76 #05 #5F #13 #36 #05 #96 #05 #4E #06 
#13A0: #1E #05 #41 #16 #AF #9D #77 #13 #01 #00 #49 #09 #4C #0C #49 #09 
#13B0: #26 #05 #46 #05 #00 #9E #05 #86 #05 #4E #05 #01 #01 #76 #05 #86 
#13C0: #05 #E9 #09 #62 #08 #56 #05 #CD #13 #66 #05 #E9 #09 #36 #06 #F1 
#13D0: #13 #49 #09 #26 #05 #2E #05 #46 #05 #7E #80 #08 #56 #05 #EB #13 
#13E0: #C6 #05 #6E #05 #46 #05 #01 #B6 #05 #BE #05 #49 #09 #4C #0C #3E 
#13F0: #06 #D1 #13 #9E #05 #49 #09 #26 #05 #46 #05 #02 #7E #05 #96 #05 
#1400: #7E #05 #86 #05 #D6 #05 #AE #05 #FE #05 #56 #05 #3A #14 #59 #0A 
#1410: #26 #05 #56 #05 #36 #14 #BE #05 #B6 #05 #7D #13 #86 #0C #63 #0C 
#1420: #3E #05 #71 #09 #4C #0C #63 #0C #B6 #05 #4E #06 #63 #0C #C6 #05 
#1430: #76 #05 #71 #09 #36 #05 #5E #05 #42 #14 #41 #0B #02 #0D #96 #05 
#1440: #66 #05 #1E #05 #C2 #3F #51 #5F #A2 #13 #01 #00 #96 #05 #4E #06 
#1450: #1E #05 #05 #DE #78 #40 #44 #14 #01 #00 #BE #05 #5F #13 #26 #05 
#1460: #46 #05 #20 #9E #05 #3E #05 #86 #05 #46 #05 #01 #76 #05 #C6 #05 
#1470: #46 #05 #01 #7E #05 #1C #0D #1E #05 #C2 #00 #69 #5F #52 #14 #01 
#1480: #00 #5F #13 #26 #05 #2B #09 #5F #13 #36 #05 #46 #05 #40 #58 #14 
#1490: #5F #13 #36 #05 #1E #05 #03 #DC #36 #A2 #79 #14 #01 #00 #BE #05 
#14A0: #B6 #05 #46 #05 #02 #CA #08 #76 #05 #46 #05 #01 #C6 #05 #36 #06 
#14B0: #C1 #14 #46 #05 #02 #7E #05 #86 #05 #BE #05 #36 #05 #C6 #05 #3E 
#14C0: #06 #B2 #14 #66 #05 #1E #05 #04 #57 #6C #50 #96 #14 #01 #00 #27 
#14D0: #0A #26 #05 #46 #05 #0A #80 #08 #56 #05 #F6 #14 #86 #05 #DE #05 
#14E0: #56 #05 #EB #14 #86 #06 #46 #05 #2D #69 #13 #4E #05 #10 #27 #46 
#14F0: #05 #00 #5E #05 #09 #15 #46 #05 #10 #27 #0A #36 #05 #46 #05 #23 
#1500: #69 #13 #4E #05 #00 #10 #46 #05 #01 #BE #05 #96 #05 #9E #05 #E6 
#1510: #08 #96 #05 #B6 #05 #F6 #05 #56 #05 #2C #15 #86 #05 #D6 #05 #56 
#1520: #05 #2C #15 #C6 #05 #66 #05 #46 #05 #01 #BE #05 #B6 #05 #56 #05 
#1530: #4B #15 #86 #05 #46 #05 #30 #76 #05 #86 #05 #46 #05 #39 #62 #08 
#1540: #56 #05 #49 #15 #46 #05 #07 #76 #05 #69 #13 #66 #05 #96 #05 #27 
#1550: #0A #26 #05 #F7 #08 #86 #05 #CE #05 #56 #05 #0B #15 #6E #05 #C6 
#1560: #05 #F6 #05 #56 #05 #6C #15 #46 #05 #30 #69 #13 #1E #05 #0B #6A 
#1570: #78 #BB #C7 #14 #01 #00 #5D #09 #26 #05 #56 #05 #F8 #15 #5F #13 
#1580: #26 #05 #BE #05 #DF #09 #5F #13 #36 #05 #46 #05 #80 #58 #14 #C6 
#1590: #06 #85 #09 #9E #05 #7E #05 #86 #05 #46 #05 #20 #62 #08 #56 #05 
#15A0: #A7 #15 #66 #05 #46 #05 #20 #BE #05 #B6 #05 #76 #05 #B6 #05 #D6 
#15B0: #05 #56 #05 #EE #15 #86 #05 #B6 #05 #7E #05 #86 #05 #46 #05 #01 
#15C0: #76 #05 #2E #05 #4E #05 #00 #01 #CA #08 #96 #05 #2E #05 #76 #05 
#15D0: #C6 #05 #46 #05 #02 #7E #05 #BE #05 #DF #09 #B6 #05 #46 #05 #04 
#15E0: #CA #08 #76 #05 #5F #13 #36 #05 #CD #14 #5E #05 #AD #15 #C6 #05 
#15F0: #6E #05 #C6 #05 #5F #13 #36 #05 #1E #05 #C2 #0B #29 #5F #6E #15 
#1600: #01 #00 #3A #11 #56 #05 #0D #16 #46 #05 #02 #76 #05 #1E #05 #07 
#1610: #B0 #83 #E9 #FA #15 #01 #00 #BE #05 #5F #13 #26 #05 #B6 #05 #4E 
#1620: #06 #5F #13 #26 #05 #C6 #05 #76 #05 #5F #13 #36 #05 #1E #05 #C6 
#1630: #36 #96 #05 #0F #16 #01 #00 #3A #11 #56 #05 #67 #16 #86 #05 #99 
#1640: #09 #96 #05 #E6 #05 #56 #05 #4F #16 #C4 #0C #5E #05 #67 #16 #46 
#1650: #05 #02 #7E #05 #86 #05 #26 #05 #2B #0C #36 #05 #C5 #0B #46 #05 
#1660: #04 #7E #05 #71 #09 #36 #05 #1E #05 #C4 #BB #80 #E1 #2F #16 #01 
#1670: #00 #85 #09 #CE #06 #1E #05 #C5 #25 #7A #61 #69 #16 #01 #00 #B6 
#1680: #06 #86 #05 #CE #05 #56 #05 #8F #16 #C4 #0C #5E #05 #91 #16 #66 
#1690: #05 #1E #05 #C5 #B0 #C6 #10 #77 #16 #01 #00 #AE #06 #86 #05 #CE 
#16A0: #05 #56 #05 #AB #16 #C4 #0C #5E #05 #AD #16 #66 #05 #1E #05 #C5 
#16B0: #92 #88 #B1 #93 #16 #01 #00 #A6 #06 #86 #05 #CE #05 #56 #05 #C7 
#16C0: #16 #C4 #0C #5E #05 #C9 #16 #66 #05 #1E #05 #C4 #7B #F0 #70 #AF 
#16D0: #16 #01 #00 #9E #06 #86 #05 #CE #05 #56 #05 #E2 #16 #C4 #0C #46 
#16E0: #05 #00 #7B #09 #3E #05 #1E #05 #04 #56 #0C #51 #CB #16 #01 #00 
#16F0: #BC #08 #56 #05 #00 #17 #99 #0A #81 #0A #7E #05 #5E #05 #03 #17 
#1700: #46 #05 #00 #4E #05 #F8 #0C #46 #05 #02 #76 #05 #36 #05 #1E #05 
#1710: #05 #AB #2A #A1 #E8 #16 #01 #00 #46 #05 #00 #A6 #05 #5E #07 #86 
#1720: #05 #BC #08 #56 #05 #50 #17 #86 #05 #46 #05 #00 #46 #05 #00 #AE 
#1730: #05 #46 #05 #02 #96 #05 #7E #07 #CE #05 #56 #05 #46 #17 #4E #05 
#1740: #FF #FF #4E #05 #FF #FF #AE #05 #66 #07 #66 #05 #5E #05 #5A #17 
#1750: #66 #05 #4E #05 #FF #FF #4E #05 #FF #FF #1E #05 #C2 #AA #B5 #5F 
#1760: #10 #17 #01 #00 #A1 #0B #26 #05 #CE #05 #56 #05 #88 #17 #63 #0C 
#1770: #ED #0B #36 #05 #E3 #0B #26 #05 #71 #09 #36 #05 #F7 #0B #26 #05 
#1780: #A1 #0B #36 #05 #5E #05 #8D #17 #46 #05 #00 #C4 #0C #1E #05 #C2 
#1790: #67 #25 #5F #5C #17 #01 #00 #A1 #0B #26 #05 #BC #08 #56 #05 #C2 
#17A0: #17 #63 #0C #E3 #0B #36 #05 #ED #0B #26 #05 #71 #09 #36 #05 #A1 
#17B0: #0B #26 #05 #F7 #0B #36 #05 #46 #05 #00 #A1 #0B #36 #05 #5E #05 
#17C0: #C7 #17 #46 #05 #00 #C4 #0C #1E #05 #C3 #E7 #55 #6A #8F #17 #01 
#17D0: #00 #A1 #0B #26 #05 #CE #05 #56 #05 #E1 #17 #63 #0C #ED #0B #36 
#17E0: #05 #46 #05 #02 #71 #09 #36 #05 #46 #05 #00 #E6 #07 #46 #05 #16 
#17F0: #76 #05 #36 #05 #01 #0C #A1 #0B #36 #05 #1E #05 #00 
#0516  #0000  [rumpelstilzchen]
#051E  #0004  [retex]
#0526  #0005  [@n]
#052E  #0006  [@b]
#0536  #0007  [!n]
#053E  #0008  [!b]
#0546  #0009  [1bliteral]
#054E  #000A  [2bliteral]
#0556  #000B  [bronz]
#055E  #000C  [jump]
#0566  #000D  [weg]
#056E  #000E  [pweg]
#0576  #000F  [+n]
#057E  #0010  [-n]
#0586  #0011  [dup]
#058E  #0012  [pdup]
#0596  #0013  [vert]
#059E  #0014  [zwo]
#05A6  #0015  [rdu]
#05AE  #0016  [rdo]
#05B6  #0017  [i]
#05BE  #0018  [s>r]
#05C6  #0019  [r>s]
#05CE  #001A  [=0n]
#05D6  #001B  [>0n]
#05DE  #001C  [<0n]
#05E6  #001D  [>=u]
#05EE  #001E  [f-vergl]
#05F6  #001F  [nicht]
#05FE  #0020  [und]
#0606  #0021  [oder]
#060E  #0022  [exo]
#0616  #0023  [bit]
#061E  #0024  [cbit]
#0626  #0025  [sbit]
#062E  #0026  [tbit]
#0636  #0027  [$jeex]
#063E  #0028  [loopex]
#0646  #0029  [+loopex]
#064E  #002A  [>>>n]
#0656  #002B  [p*]
#065E  #002C  [p/mod]
#0666  #002D  [$tue]
#066E  #002E  [$polyname]
#0676  #002F  [$scode]
#067E  #0030  [$cscan]
#0686  #0031  [chs]
#068E  #0032  [cyc2]
#0696  #0033  [$closefile]
#069E  #0034  [$openfile]
#06A6  #0035  [$osclicode]
#06AE  #0036  [$loadcode]
#06B6  #0037  [$savecode]
#06BE  #0038  [$ipsetzen]
#06C6  #0039  [$psholen]
#06CE  #003A  [$pssetzen]
#06D6  #003B  [rp-loop]
#06DE  #003C  [tr-loop]
#06E6  #003D  [3v3]
#06EE  #003F  [p+]
#06F6  #0040  [p-]
#06FE  #0080  [uhr-lock]
#0706  #0081  [sleep-time]
#070E  #0082  [!pcportb]
#0716  #0083  [!pcport]
#071E  #0084  [@pcmemb]
#0726  #0085  [@pcmem]
#072E  #0086  [!pcmemb]
#0736  #0087  [!pcmem]
#073E  #0088  [auxoutb]
#0746  #0089  [auxinB]
#074E  #008A  [auxincount]
#0756  #008B  [auxoutcount]
#075E  #008C  [fopen]
#0766  #008D  [fclose]
#076E  #008E  [fread]
#0776  #008F  [fwrite]
#077E  #0090  [fseek]
#0786  #0091  [fgetb]
#078E  #0092  [fputb]
#0796  #0093  [fflush]
#079E  #0094  [fdelete]
#07A6  #0095  [frename]
#07AE  #0096  [feof]
#07B6  #0097  [auxread]
#07BE  #0098  [auxwrite]
#07C6  #0099  [auxclrbuf]
#07CE  #009A  [@pcportb]
#07D6  #009B  [@pcport]
#07DE  #009C  [defkeymacro]
#07E6  #0003  [$ccodes]
#0806  #0003  [$CCODES]
#0826  #0002  [uhr]
#0830  #0002  [su0]
#083A  #0002  [su1]
#0844  #0002  [su2]
#084E  #0002  [su3]
#0858  #0002  [kette]
#0862  #0001  [>n]
#0870  #0001  [<>n]
#0880  #0001  [=n]
#088E  #0001  [>=n]
#089E  #0001  [<n]
#08AC  #0001  [<=n]
#08BC  #0001  [<>0n]
#08CA  #0001  [*n]
#08D8  #0001  [p/]
#08E6  #0001  [/mod]
#08F7  #0001  [/n]
#0905  #0001  [mod]
#0915  #0001  [+!n]
#092B  #0002  [sysline]
#0935  #0002  [readyflag]
#093F  #0002  [$pe]
#0949  #0002  [$pi]
#0953  #0002  [$p1]
#095D  #0002  [$p2]
#0967  #0002  [$p3]
#0971  #0002  [$h]
#097B  #0002  [loadflag]
#0985  #0002  [$sl]
#098F  #0002  [$ml]
#0999  #0002  [$ll]
#09A3  #0002  [defex]
#09AD  #0002  [varex]
#09B7  #0002  [consex]
#09C1  #0002  [tv0]
#09CB  #0002  [tv4]
#09D5  #0002  [tv8]
#09DF  #0002  [$tvs]
#09E9  #0002  [$tve]
#09F3  #0003  [$nd]
#09FF  #0003  [$rs]
#0A09  #0003  [$f1]
#0A13  #0003  [$f2]
#0A1D  #0003  [$kk]
#0A27  #0003  [basis]
#0A31  #0003  [bem]
#0A3B  #0003  [bea]
#0A45  #0003  [eingabezahl]
#0A4F  #0003  [z-lesen]
#0A59  #0003  [compileflag]
#0A63  #0003  [$v1]
#0A6D  #0003  [link]
#0A77  #0003  [align]
#0A81  #0003  [stackmessage]
#0A99  #0003  [l-stackmessage]
#0AB1  #0003  [memmessage]
#0AC9  #0003  [l-memmessage]
#0AE1  #0003  [namemessage]
#0AF9  #0003  [l-namemessage]
#0B11  #0003  [strucmessage]
#0B29  #0003  [l-strucmessage]
#0B41  #0003  [textmessage]
#0B59  #0003  [l-textmessage]
#0B71  #0003  [rsmessage]
#0B89  #0003  [l-rsmessage]
#0BA1  #0003  [$O]
#0BAB  #0002  [$Os]
#0BB5  #0001  [$OC]
#0BC5  #0001  [$OC-]
#0BD5  #0001  [!O]
#0BE3  #0003  [$nh]
#0BED  #0003  [$Oh]
#0BF7  #0003  [$Ot]
#0C01  #0002  [$OZ]
#0C0B  #0001  [code-addr]
#0C2B  #0001  [link-addr]
#0C4C  #0001  [incr]
#0C63  #0001  [hier]
#0C71  #0001  [h2inc]
#0C86  #0001  [$dep]
#0C98  #0001  [$cen]
#0CC4  #0001  [ie]
#0CF8  #0002  [$lang]
#0D02  #0001  [syswrite]
#0D1C  #0001  [l>>>]
#0D6A  #0001  [$such]
#0DC5  #0001  [$name]
#0E50  #0001  [$zahl]
#0F1F  #0001  [compiler]
#10B6  #0001  [entrysetup]
#113A  #0001  [$getadr]
#116B  #0001  ['n]
#118E  #0001  [;n]
#11DA  #0001  [:n]
#11FC  #0001  [primodify]
#1214  #0001  [:prior]
#1225  #0001  [:hpri]
#1236  #0001  [:int]
#1247  #0001  [ja?]
#125C  #0001  [dann]
#126C  #0001  [nein:]
#1285  #0001  [je]
#129A  #0001  [nun]
#12B6  #0001  [+nun]
#12D2  #0001  [anfang]
#12DE  #0001  [ende?]
#12F1  #0001  [dann/nochmal]
#1308  #0001  [kon]
#1323  #0001  [var]
#133E  #0001  [feld]
#135F  #0003  [sp]
#1369  #0001  [!char]
#137D  #0001  [tliteral]
#13A8  #0001  [~]
#144A  #0001  [!t]
#1458  #0001  [leerz]
#147F  #0001  [ok]
#149C  #0001  [!fk]
#14CD  #0001  [wand]
#1574  #0001  [zeig-stapel]
#1600  #0001  [?n]
#1615  #0001  [schreib]
#1635  #0001  [weg/ab]
#166F  #0001  [aweg]
#167D  #0001  [$save]
#1699  #0001  [$load]
#16B5  #0001  [oscli]
#16D1  #0001  [read]
#16EE  #0001  [lang]
#1716  #0001  [fsize]
#1762  #0001  [X>]
#1795  #0001  [<X]
#17CF  #0001  [X>>]


#0516  #0000  [rumpelstilzchen]

#051E  #0004  [retex]

#0526  #0005  [@n]

#052E  #0006  [@b]

#0536  #0007  [!n]

#053E  #0008  [!b]

#0546  #0009  [1bliteral]

#054E  #000A  [2bliteral]

#0556  #000B  [bronz]

#055E  #000C  [jump]

#0566  #000D  [weg]

#056E  #000E  [pweg]

#0576  #000F  [+n]

#057E  #0010  [-n]

#0586  #0011  [dup]

#058E  #0012  [pdup]

#0596  #0013  [vert]

#059E  #0014  [zwo]

#05A6  #0015  [rdu]

#05AE  #0016  [rdo]

#05B6  #0017  [i]

#05BE  #0018  [s>r]

#05C6  #0019  [r>s]

#05CE  #001A  [=0n]

#05D6  #001B  [>0n]

#05DE  #001C  [<0n]

#05E6  #001D  [>=u]

#05EE  #001E  [f-vergl]

#05F6  #001F  [nicht]

#05FE  #0020  [und]

#0606  #0021  [oder]

#060E  #0022  [exo]

#0616  #0023  [bit]

#061E  #0024  [cbit]

#0626  #0025  [sbit]

#062E  #0026  [tbit]

#0636  #0027  [$jeex]

#063E  #0028  [loopex]

#0646  #0029  [+loopex]

#064E  #002A  [>>>n]

#0656  #002B  [p*]

#065E  #002C  [p/mod]

#0666  #002D  [$tue]

#066E  #002E  [$polyname]

#0676  #002F  [$scode]

#067E  #0030  [$cscan]

#0686  #0031  [chs]

#068E  #0032  [cyc2]

#0696  #0033  [$closefile]

#069E  #0034  [$openfile]

#06A6  #0035  [$osclicode]

#06AE  #0036  [$loadcode]

#06B6  #0037  [$savecode]

#06BE  #0038  [$ipsetzen]

#06C6  #0039  [$psholen]

#06CE  #003A  [$pssetzen]

#06D6  #003B  [rp-loop]

#06DE  #003C  [tr-loop]

#06E6  #003D  [3v3]

#06EE  #003F  [p+]

#06F6  #0040  [p-]

#06FE  #0080  [uhr-lock]

#0706  #0081  [sleep-time]

#070E  #0082  [!pcportb]

#0716  #0083  [!pcport]

#071E  #0084  [@pcmemb]

#0726  #0085  [@pcmem]

#072E  #0086  [!pcmemb]

#0736  #0087  [!pcmem]

#073E  #0088  [auxoutb]

#0746  #0089  [auxinB]

#074E  #008A  [auxincount]

#0756  #008B  [auxoutcount]

#075E  #008C  [fopen]

#0766  #008D  [fclose]

#076E  #008E  [fread]

#0776  #008F  [fwrite]

#077E  #0090  [fseek]

#0786  #0091  [fgetb]

#078E  #0092  [fputb]

#0796  #0093  [fflush]

#079E  #0094  [fdelete]

#07A6  #0095  [frename]

#07AE  #0096  [feof]

#07B6  #0097  [auxread]

#07BE  #0098  [auxwrite]

#07C6  #0099  [auxclrbuf]

#07CE  #009A  [@pcportb]

#07D6  #009B  [@pcport]

#07DE  #009C  [defkeymacro]

#07E6  #0003  [$ccodes]
#07E8  #00
#07E9  #00
#07EA  #00
#07EB  #00
#07EC  #00
#07ED  #00
#07EE  #00
#07EF  #00
#07F0  #00
#07F1  #00
#07F2  #00
#07F3  #00
#07F4  #00
#07F5  #00
#07F6  #00
#07F7  #00
#07F8  #00
#07F9  #00
#07FA  #00
#07FB  #00
#07FC  #00
#07FD  #00
#07FE  #00
#07FF  #00

#0806  #0003  [$CCODES]
#0808  #01
#0809  #00
#080A  #03
#080B  #00
#080C  #02
#080D  #00
#080E  #4E
#080F  #05
#0810  #46
#0811  #05
#0812  #56
#0813  #05
#0814  #5E
#0815  #05
#0816  #36
#0817  #06
#0818  #3E
#0819  #06
#081A  #46
#081B  #06
#081C  #1E
#081D  #05
#081E  #00
#081F  #00

#0826  #0002  [uhr]
#0828  #18
#0829  #04

#0830  #0002  [su0]
#0832  #1E
#0833  #04

#083A  #0002  [su1]
#083C  #22
#083D  #04

#0844  #0002  [su2]
#0846  #26
#0847  #04

#084E  #0002  [su3]
#0850  #2A
#0851  #04

#0858  #0002  [kette]
#085A  #02
#085B  #04

#0862  #0001  [>n]
#0864  -n
#0866  >0n
#0868  retex

#0870  #0001  [<>n]
#0872  -n
#0874  =0n
#0876  nicht
#0878  retex

#0880  #0001  [=n]
#0882  -n
#0884  =0n
#0886  retex

#088E  #0001  [>=n]
#0890  -n
#0892  <0n
#0894  nicht
#0896  retex

#089E  #0001  [<n]
#08A0  -n
#08A2  <0n
#08A4  retex

#08AC  #0001  [<=n]
#08AE  -n
#08B0  >0n
#08B2  nicht
#08B4  retex

#08BC  #0001  [<>0n]
#08BE  =0n
#08C0  nicht
#08C2  retex

#08CA  #0001  [*n]
#08CC  p*
#08CE  weg
#08D0  retex

#08D8  #0001  [p/]
#08DA  p/mod
#08DC  weg
#08DE  retex

#08E6  #0001  [/mod]
#08E8  1bliteral
#08EA  #00
#08EB  vert
#08ED  p/mod
#08EF  retex

#08F7  #0001  [/n]
#08F9  /mod
#08FB  weg
#08FD  retex

#0905  #0001  [mod]
#0907  /mod
#0909  vert
#090B  weg
#090D  retex

#0915  #0001  [+!n]
#0917  dup
#0919  @n
#091B  rdo
#091D  +n
#091F  vert
#0921  !n
#0923  retex

#092B  #0002  [sysline]
#092D  #C0
#092E  #01

#0935  #0002  [readyflag]
#0937  #2E
#0938  #04

#093F  #0002  [$pe]
#0941  #2F
#0942  #04

#0949  #0002  [$pi]
#094B  #31
#094C  #04

#0953  #0002  [$p1]
#0955  #33
#0956  #04

#095D  #0002  [$p2]
#095F  #35
#0960  #04

#0967  #0002  [$p3]
#0969  #37
#096A  #04

#0971  #0002  [$h]
#0973  #39
#0974  #04

#097B  #0002  [loadflag]
#097D  #3B
#097E  #04

#0985  #0002  [$sl]
#0987  #F8
#0988  #FF

#098F  #0002  [$ml]
#0991  #00
#0992  #FF

#0999  #0002  [$ll]
#099B  #FC
#099C  #17

#09A3  #0002  [defex]
#09A5  #01
#09A6  #00

#09AD  #0002  [varex]
#09AF  #03
#09B0  #00

#09B7  #0002  [consex]
#09B9  #02
#09BA  #00

#09C1  #0002  [tv0]
#09C3  #00
#09C4  #00

#09CB  #0002  [tv4]
#09CD  #00
#09CE  #01

#09D5  #0002  [tv8]
#09D7  #00
#09D8  #02

#09DF  #0002  [$tvs]
#09E1  #00
#09E2  #00

#09E9  #0002  [$tve]
#09EB  #FF
#09EC  #03

#09F3  #0003  [$nd]
#09F5  #00
#09F6  #00
#09F7  #00
#09F8  #00

#09FF  #0003  [$rs]
#0A01  #01
#0A02  #00

#0A09  #0003  [$f1]
#0A0B  #00
#0A0C  #00

#0A13  #0003  [$f2]
#0A15  #00
#0A16  #00

#0A1D  #0003  [$kk]
#0A1F  #00
#0A20  #00

#0A27  #0003  [basis]
#0A29  #00
#0A2A  #00

#0A31  #0003  [bem]
#0A33  #00
#0A34  #00

#0A3B  #0003  [bea]
#0A3D  #01
#0A3E  #00

#0A45  #0003  [eingabezahl]
#0A47  #00
#0A48  #00

#0A4F  #0003  [z-lesen]
#0A51  #00
#0A52  #00

#0A59  #0003  [compileflag]
#0A5B  #00
#0A5C  #00

#0A63  #0003  [$v1]
#0A65  #00
#0A66  #00

#0A6D  #0003  [link]
#0A6F  #C9
#0A70  #17

#0A77  #0003  [align]
#0A79  #01
#0A7A  #00

#0A81  #0003  [stackmessage]
#0A83  #53
#0A84  #54
#0A85  #41
#0A86  #50
#0A87  #45
#0A88  #4C
#0A89  #20
#0A8A  #4C
#0A8B  #45
#0A8C  #45
#0A8D  #52
#0A8E  #20
#0A8F  #21
#0A90  #20
#0A91  #20
#0A92  #20

#0A99  #0003  [l-stackmessage]
#0A9B  #53
#0A9C  #54
#0A9D  #41
#0A9E  #43
#0A9F  #4B
#0AA0  #20
#0AA1  #45
#0AA2  #4D
#0AA3  #50
#0AA4  #54
#0AA5  #59
#0AA6  #20
#0AA7  #21
#0AA8  #20
#0AA9  #20
#0AAA  #20

#0AB1  #0003  [memmessage]
#0AB3  #53
#0AB4  #50
#0AB5  #45
#0AB6  #49
#0AB7  #43
#0AB8  #48
#0AB9  #45
#0ABA  #52
#0ABB  #20
#0ABC  #56
#0ABD  #4F
#0ABE  #4C
#0ABF  #4C
#0AC0  #20
#0AC1  #21
#0AC2  #20

#0AC9  #0003  [l-memmessage]
#0ACB  #4D
#0ACC  #45
#0ACD  #4D
#0ACE  #4F
#0ACF  #52
#0AD0  #59
#0AD1  #20
#0AD2  #46
#0AD3  #55
#0AD4  #4C
#0AD5  #4C
#0AD6  #20
#0AD7  #21
#0AD8  #20
#0AD9  #20
#0ADA  #20

#0AE1  #0003  [namemessage]
#0AE3  #4E
#0AE4  #41
#0AE5  #4D
#0AE6  #45
#0AE7  #20
#0AE8  #46
#0AE9  #45
#0AEA  #48
#0AEB  #4C
#0AEC  #54
#0AED  #20
#0AEE  #21
#0AEF  #20
#0AF0  #20
#0AF1  #20
#0AF2  #20

#0AF9  #0003  [l-namemessage]
#0AFB  #4E
#0AFC  #41
#0AFD  #4D
#0AFE  #45
#0AFF  #20
#0B00  #4D
#0B01  #49
#0B02  #53
#0B03  #53
#0B04  #49
#0B05  #4E
#0B06  #47
#0B07  #20
#0B08  #21
#0B09  #20
#0B0A  #20

#0B11  #0003  [strucmessage]
#0B13  #53
#0B14  #54
#0B15  #52
#0B16  #55
#0B17  #4B
#0B18  #54
#0B19  #55
#0B1A  #52
#0B1B  #46
#0B1C  #45
#0B1D  #48
#0B1E  #4C
#0B1F  #45
#0B20  #52
#0B21  #20
#0B22  #21

#0B29  #0003  [l-strucmessage]
#0B2B  #53
#0B2C  #54
#0B2D  #52
#0B2E  #55
#0B2F  #43
#0B30  #54
#0B31  #55
#0B32  #52
#0B33  #45
#0B34  #20
#0B35  #45
#0B36  #52
#0B37  #52
#0B38  #4F
#0B39  #52
#0B3A  #21

#0B41  #0003  [textmessage]
#0B43  #54
#0B44  #45
#0B45  #58
#0B46  #54
#0B47  #46
#0B48  #45
#0B49  #48
#0B4A  #4C
#0B4B  #45
#0B4C  #52
#0B4D  #20
#0B4E  #21
#0B4F  #20
#0B50  #20
#0B51  #20
#0B52  #20

#0B59  #0003  [l-textmessage]
#0B5B  #54
#0B5C  #45
#0B5D  #58
#0B5E  #54
#0B5F  #2D
#0B60  #45
#0B61  #52
#0B62  #52
#0B63  #4F
#0B64  #52
#0B65  #20
#0B66  #21
#0B67  #20
#0B68  #20
#0B69  #20
#0B6A  #20

#0B71  #0003  [rsmessage]
#0B73  #55
#0B74  #4E
#0B75  #5A
#0B76  #55
#0B77  #4C
#0B78  #2E
#0B79  #20
#0B7A  #4E
#0B7B  #41
#0B7C  #4D
#0B7D  #45
#0B7E  #20
#0B7F  #21
#0B80  #20
#0B81  #20
#0B82  #20

#0B89  #0003  [l-rsmessage]
#0B8B  #44
#0B8C  #55
#0B8D  #50
#0B8E  #4C
#0B8F  #49
#0B90  #43
#0B91  #41
#0B92  #54
#0B93  #45
#0B94  #20
#0B95  #4E
#0B96  #41
#0B97  #4D
#0B98  #45
#0B99  #20
#0B9A  #21

#0BA1  #0003  [$O]
#0BA3  #00
#0BA4  #00

#0BAB  #0002  [$Os]
#0BAD  #3C
#0BAE  #04

#0BB5  #0001  [$OC]
#0BB7  $O
#0BB9  @n
#0BBB  +n
#0BBD  retex

#0BC5  #0001  [$OC-]
#0BC7  $O
#0BC9  @n
#0BCB  -n
#0BCD  retex

#0BD5  #0001  [!O]
#0BD7  $OC
#0BD9  !n
#0BDB  retex

#0BE3  #0003  [$nh]
#0BE5  #00
#0BE6  #00

#0BED  #0003  [$Oh]
#0BEF  #02
#0BF0  #00

#0BF7  #0003  [$Ot]
#0BF9  #00
#0BFA  #40

#0C01  #0002  [$OZ]
#0C03  #00
#0C04  #40

#0C0B  #0001  [code-addr]
#0C0D  $O
#0C0F  @n
#0C11  =0n
#0C13  bronz
#0C15  #0C1D
#0C17  $CCODES
#0C19  jump
#0C1B  #0C1F
#0C1D  $ccodes
#0C1F  +n
#0C21  @n
#0C23  retex

#0C2B  #0001  [link-addr]
#0C2D  $O
#0C2F  @n
#0C31  =0n
#0C33  bronz
#0C35  #0C3D
#0C37  link
#0C39  jump
#0C3B  #0C44
#0C3D  $ccodes
#0C3F  1bliteral
#0C41  #16
#0C42  +n
#0C44  retex

#0C4C  #0001  [incr]
#0C4E  dup
#0C50  @n
#0C52  1bliteral
#0C54  #01
#0C55  +n
#0C57  vert
#0C59  !n
#0C5B  retex

#0C63  #0001  [hier]
#0C65  $h
#0C67  @n
#0C69  retex

#0C71  #0001  [h2inc]
#0C73  hier
#0C75  1bliteral
#0C77  #02
#0C78  +n
#0C7A  $h
#0C7C  !n
#0C7E  retex

#0C86  #0001  [$dep]
#0C88  hier
#0C8A  $OC
#0C8C  !n
#0C8E  h2inc
#0C90  retex

#0C98  #0001  [$cen]
#0C9A  dup
#0C9C  $ipsetzen
#0C9E  dup
#0CA0  @b
#0CA2  1bliteral
#0CA4  #80
#0CA5  oder
#0CA7  zwo
#0CA9  !b
#0CAB  $pi
#0CAD  !n
#0CAF  $tve
#0CB1  $pe
#0CB3  !n
#0CB5  1bliteral
#0CB7  #00
#0CB8  readyflag
#0CBA  !b
#0CBC  retex

#0CC4  #0001  [ie]
#0CC6  $p1
#0CC8  @n
#0CCA  dup
#0CCC  $pi
#0CCE  @n
#0CD0  1bliteral
#0CD2  #01
#0CD3  -n
#0CD5  $jeex
#0CD7  #0CE8
#0CD9  i
#0CDB  @b
#0CDD  1bliteral
#0CDF  #80
#0CE0  exo
#0CE2  i
#0CE4  !b
#0CE6  loopex
#0CE8  #0CD9
#0CEA  $cen
#0CEC  weg
#0CEE  $closefile
#0CF0  retex

#0CF8  #0002  [$lang]
#0CFA  #00
#0CFB  #00

#0D02  #0001  [syswrite]
#0D04  $lang
#0D06  +n
#0D08  sysline
#0D0A  1bliteral
#0D0C  #10
#0D0D  >>>n
#0D0F  1bliteral
#0D11  #00
#0D12  ie
#0D14  retex

#0D1C  #0001  [l>>>]
#0D1E  dup
#0D20  2bliteral
#0D22  #0100
#0D24  >n
#0D26  bronz
#0D28  #0D50
#0D2A  2bliteral
#0D2C  #0100
#0D2E  -n
#0D30  s>r
#0D32  pdup
#0D34  2bliteral
#0D36  #0100
#0D38  >>>n
#0D3A  2bliteral
#0D3C  #0100
#0D3E  +n
#0D40  vert
#0D42  2bliteral
#0D44  #0100
#0D46  +n
#0D48  vert
#0D4A  r>s
#0D4C  jump
#0D4E  #0D1E
#0D50  dup
#0D52  >0n
#0D54  bronz
#0D56  #0D5E
#0D58  >>>n
#0D5A  jump
#0D5C  #0D62
#0D5E  pweg
#0D60  weg
#0D62  retex

#0D6A  #0001  [$such]
#0D6C  $O
#0D6E  @n
#0D70  =0n
#0D72  bronz
#0D74  #0D8B
#0D76  link
#0D78  @n
#0D7A  $p3
#0D7C  !n
#0D7E  1bliteral
#0D80  #00
#0D81  $Os
#0D83  !n
#0D85  $scode
#0D87  jump
#0D89  #0DBD
#0D8B  $ccodes
#0D8D  1bliteral
#0D8F  #16
#0D90  +n
#0D92  @n
#0D94  $p3
#0D96  !n
#0D98  $O
#0D9A  @n
#0D9C  $Os
#0D9E  !n
#0DA0  $scode
#0DA2  dup
#0DA4  =0n
#0DA6  bronz
#0DA8  #0DBD
#0DAA  weg
#0DAC  link
#0DAE  @n
#0DB0  $p3
#0DB2  !n
#0DB4  1bliteral
#0DB6  #00
#0DB7  $Os
#0DB9  !n
#0DBB  $scode
#0DBD  retex

#0DC5  #0001  [$name]
#0DC7  1bliteral
#0DC9  #00
#0DCA  readyflag
#0DCC  @b
#0DCE  1bliteral
#0DD0  #00
#0DD1  $p2
#0DD3  !n
#0DD5  bronz
#0DD7  #0E48
#0DD9  1bliteral
#0DDB  #01
#0DDC  $cscan
#0DDE  >0n
#0DE0  bronz
#0DE2  #0E48
#0DE4  $pi
#0DE6  @n
#0DE8  $p1
#0DEA  !n
#0DEC  1bliteral
#0DEE  #02
#0DEF  $cscan
#0DF1  pweg
#0DF3  2bliteral
#0DF5  #CE57
#0DF7  1bliteral
#0DF9  #8D
#0DFA  $p1
#0DFC  @n
#0DFE  $pi
#0E00  @n
#0E02  zwo
#0E04  -n
#0E06  dup
#0E08  1bliteral
#0E0A  #3F
#0E0B  >n
#0E0D  bronz
#0E0F  #0E16
#0E11  weg
#0E13  1bliteral
#0E15  #3F
#0E16  dup
#0E18  $nd
#0E1A  !b
#0E1C  1bliteral
#0E1E  #01
#0E1F  -n
#0E21  zwo
#0E23  +n
#0E25  $jeex
#0E27  #0E31
#0E29  i
#0E2B  @b
#0E2D  $polyname
#0E2F  loopex
#0E31  #0E29
#0E33  $nd
#0E35  1bliteral
#0E37  #03
#0E38  +n
#0E3A  !b
#0E3C  $nd
#0E3E  1bliteral
#0E40  #01
#0E41  +n
#0E43  !n
#0E45  1bliteral
#0E47  #01
#0E48  retex

#0E50  #0001  [$zahl]
#0E52  1bliteral
#0E54  #01
#0E55  1bliteral
#0E57  #00
#0E58  $pi
#0E5A  @n
#0E5C  1bliteral
#0E5E  #01
#0E5F  -n
#0E61  $p1
#0E63  @n
#0E65  1bliteral
#0E67  #2D
#0E68  zwo
#0E6A  @b
#0E6C  =n
#0E6E  bronz
#0E70  #0E84
#0E72  1bliteral
#0E74  #01
#0E75  +n
#0E77  2bliteral
#0E79  #FFFF
#0E7B  s>r
#0E7D  1bliteral
#0E7F  #0A
#0E80  jump
#0E82  #0EBE
#0E84  1bliteral
#0E86  #01
#0E87  s>r
#0E89  1bliteral
#0E8B  #23
#0E8C  zwo
#0E8E  @b
#0E90  =n
#0E92  bronz
#0E94  #0EA2
#0E96  1bliteral
#0E98  #01
#0E99  +n
#0E9B  1bliteral
#0E9D  #10
#0E9E  jump
#0EA0  #0EBE
#0EA2  1bliteral
#0EA4  #42
#0EA5  zwo
#0EA7  @b
#0EA9  =n
#0EAB  bronz
#0EAD  #0EBB
#0EAF  1bliteral
#0EB1  #01
#0EB2  +n
#0EB4  1bliteral
#0EB6  #02
#0EB7  jump
#0EB9  #0EBE
#0EBB  1bliteral
#0EBD  #0A
#0EBE  basis
#0EC0  !n
#0EC2  vert
#0EC4  $jeex
#0EC6  #0F0F
#0EC8  basis
#0ECA  @n
#0ECC  *n
#0ECE  i
#0ED0  @b
#0ED2  dup
#0ED4  1bliteral
#0ED6  #3A
#0ED7  <n
#0ED9  bronz
#0EDB  #0EE2
#0EDD  1bliteral
#0EDF  #30
#0EE0  -n
#0EE2  dup
#0EE4  1bliteral
#0EE6  #40
#0EE7  >n
#0EE9  bronz
#0EEB  #0EF2
#0EED  1bliteral
#0EEF  #37
#0EF0  -n
#0EF2  dup
#0EF4  basis
#0EF6  @n
#0EF8  >=n
#0EFA  zwo
#0EFC  <0n
#0EFE  oder
#0F00  bronz
#0F02  #0F0B
#0F04  weg
#0F06  1bliteral
#0F08  #00
#0F09  rdu
#0F0B  +n
#0F0D  loopex
#0F0F  #0EC8
#0F11  r>s
#0F13  *n
#0F15  vert
#0F17  retex

#0F1F  #0001  [compiler]
#0F21  $name
#0F23  bronz
#0F25  #107D
#0F27  $such
#0F29  1bliteral
#0F2B  #01
#0F2C  bem
#0F2E  @b
#0F30  bronz
#0F32  #0F72
#0F34  zwo
#0F36  2bliteral
#0F38  #0516
#0F3A  =n
#0F3C  bronz
#0F3E  #0F4B
#0F40  1bliteral
#0F42  #00
#0F43  bem
#0F45  !n
#0F47  jump
#0F49  #0F72
#0F4B  z-lesen
#0F4D  @n
#0F4F  bronz
#0F51  #0F5F
#0F53  pweg
#0F55  1bliteral
#0F57  #00
#0F58  1bliteral
#0F5A  #01
#0F5B  jump
#0F5D  #0F72
#0F5F  zwo
#0F61  bea
#0F63  @n
#0F65  <n
#0F67  bronz
#0F69  #0F72
#0F6B  ie
#0F6D  weg
#0F6F  1bliteral
#0F71  #00
#0F72  bronz
#0F74  #107D
#0F76  dup
#0F78  =0n
#0F7A  bronz
#0F7C  #0FE6
#0F7E  weg
#0F80  $zahl
#0F82  bronz
#0F84  #0FE0
#0F86  compileflag
#0F88  @b
#0F8A  bronz
#0F8C  #0FC9
#0F8E  dup
#0F90  2bliteral
#0F92  #FF00
#0F94  und
#0F96  =0n
#0F98  align
#0F9A  @n
#0F9C  1bliteral
#0F9E  #01
#0F9F  =n
#0FA1  und
#0FA3  bronz
#0FA5  #0FBC
#0FA7  1bliteral
#0FA9  #08
#0FAA  code-addr
#0FAC  $dep
#0FAE  hier
#0FB0  $OC
#0FB2  !b
#0FB4  $h
#0FB6  incr
#0FB8  jump
#0FBA  #0FC5
#0FBC  1bliteral
#0FBE  #06
#0FBF  code-addr
#0FC1  $dep
#0FC3  $dep
#0FC5  jump
#0FC7  #0FDC
#0FC9  bem
#0FCB  @b
#0FCD  bronz
#0FCF  #0FDC
#0FD1  eingabezahl
#0FD3  !n
#0FD5  1bliteral
#0FD7  #00
#0FD8  z-lesen
#0FDA  !n
#0FDC  jump
#0FDE  #0FE2
#0FE0  ie
#0FE2  jump
#0FE4  #1067
#0FE6  dup
#0FE8  1bliteral
#0FEA  #06
#0FEB  -n
#0FED  @b
#0FEF  1bliteral
#0FF1  #C0
#0FF2  und
#0FF4  compileflag
#0FF6  @b
#0FF8  oder
#0FFA  dup
#0FFC  1bliteral
#0FFE  #01
#0FFF  =n
#1001  bronz
#1003  #1025
#1005  weg
#1007  hier
#1009  $OC
#100B  $ml
#100D  >=u
#100F  bronz
#1011  #101D
#1013  weg
#1015  memmessage
#1017  syswrite
#1019  jump
#101B  #1021
#101D  $OC-
#101F  $dep
#1021  jump
#1023  #1067
#1025  dup
#1027  1bliteral
#1029  #80
#102A  =n
#102C  vert
#102E  1bliteral
#1030  #C1
#1031  =n
#1033  oder
#1035  bronz
#1037  #103F
#1039  ie
#103B  jump
#103D  #1067
#103F  dup
#1041  $O
#1043  @n
#1045  dup
#1047  =0n
#1049  rdu
#104B  <n
#104D  oder
#104F  bronz
#1051  #1065
#1053  r>s
#1055  $v1
#1057  !n
#1059  $tue
#105B  $v1
#105D  @n
#105F  s>r
#1061  jump
#1063  #1067
#1065  ie
#1067  $psholen
#1069  $sl
#106B  >n
#106D  bronz
#106F  #107D
#1071  $sl
#1073  $pssetzen
#1075  stackmessage
#1077  syswrite
#1079  weg
#107B  $f1
#107D  readyflag
#107F  @b
#1081  $p2
#1083  @b
#1085  und
#1087  bronz
#1089  #10AE
#108B  1bliteral
#108D  #20
#108E  tv8
#1090  !b
#1092  tv8
#1094  dup
#1096  1bliteral
#1098  #01
#1099  +n
#109B  $pi
#109D  @n
#109F  tv8
#10A1  -n
#10A3  1bliteral
#10A5  #01
#10A6  -n
#10A8  l>>>
#10AA  tv8
#10AC  $cen
#10AE  retex

#10B6  #0001  [entrysetup]
#10B8  align
#10BA  @n
#10BC  1bliteral
#10BE  #02
#10BF  =n
#10C1  hier
#10C3  $OC
#10C5  1bliteral
#10C7  #01
#10C8  und
#10CA  <>0n
#10CC  und
#10CE  bronz
#10D0  #10D6
#10D2  $h
#10D4  incr
#10D6  $f1
#10D8  $kk
#10DA  !n
#10DC  $name
#10DE  dup
#10E0  bronz
#10E2  #112E
#10E4  $such
#10E6  =0n
#10E8  nicht
#10EA  $rs
#10EC  @n
#10EE  und
#10F0  bronz
#10F2  #1101
#10F4  rsmessage
#10F6  syswrite
#10F8  weg
#10FA  1bliteral
#10FC  #00
#10FD  jump
#10FF  #112A
#1101  hier
#1103  dup
#1105  $OC
#1107  $kk
#1109  !n
#110B  link-addr
#110D  @n
#110F  h2inc
#1111  h2inc
#1113  $dep
#1115  $nd
#1117  zwo
#1119  $OC
#111B  1bliteral
#111D  #04
#111E  >>>n
#1120  link-addr
#1122  !n
#1124  hier
#1126  vert
#1128  h2inc
#112A  jump
#112C  #1132
#112E  namemessage
#1130  syswrite
#1132  retex

#113A  #0001  [$getadr]
#113C  $name
#113E  bronz
#1140  #115C
#1142  $such
#1144  dup
#1146  =0n
#1148  bronz
#114A  #1155
#114C  ie
#114E  1bliteral
#1150  #00
#1151  jump
#1153  #1158
#1155  1bliteral
#1157  #01
#1158  jump
#115A  #1163
#115C  namemessage
#115E  syswrite
#1160  1bliteral
#1162  #00
#1163  retex

#116B  #0001  ['n]
#116D  $getadr
#116F  bronz
#1171  #1186
#1173  $OC-
#1175  compileflag
#1177  @n
#1179  bronz
#117B  #1186
#117D  1bliteral
#117F  #06
#1180  code-addr
#1182  $dep
#1184  $dep
#1186  retex

#118E  #0001  [;n]
#1190  1bliteral
#1192  #14
#1193  code-addr
#1195  $dep
#1197  1bliteral
#1199  #00
#119A  compileflag
#119C  !b
#119E  $f2
#11A0  <>n
#11A2  bronz
#11A4  #11D2
#11A6  strucmessage
#11A8  $lang
#11AA  +n
#11AC  sysline
#11AE  1bliteral
#11B0  #20
#11B1  +n
#11B3  1bliteral
#11B5  #10
#11B6  >>>n
#11B8  link-addr
#11BA  @n
#11BC  dup
#11BE  $h
#11C0  !n
#11C2  1bliteral
#11C4  #04
#11C5  +n
#11C7  @n
#11C9  link-addr
#11CB  !n
#11CD  1bliteral
#11CF  #00
#11D0  ie
#11D2  retex

#11DA  #0001  [:n]
#11DC  entrysetup
#11DE  bronz
#11E0  #11F4
#11E2  1bliteral
#11E4  #00
#11E5  code-addr
#11E7  vert
#11E9  !O
#11EB  1bliteral
#11ED  #01
#11EE  compileflag
#11F0  !b
#11F2  $f2
#11F4  retex

#11FC  #0001  [primodify]
#11FE  $kk
#1200  @n
#1202  @b
#1204  oder
#1206  $kk
#1208  @n
#120A  !b
#120C  retex

#1214  #0001  [:prior]
#1216  :n
#1218  1bliteral
#121A  #80
#121B  primodify
#121D  retex

#1225  #0001  [:hpri]
#1227  :n
#1229  1bliteral
#122B  #40
#122C  primodify
#122E  retex

#1236  #0001  [:int]
#1238  :n
#123A  1bliteral
#123C  #C0
#123D  primodify
#123F  retex

#1247  #0001  [ja?]
#1249  1bliteral
#124B  #0A
#124C  code-addr
#124E  $dep
#1250  hier
#1252  h2inc
#1254  retex

#125C  #0001  [dann]
#125E  hier
#1260  vert
#1262  !O
#1264  retex

#126C  #0001  [nein:]
#126E  1bliteral
#1270  #0C
#1271  code-addr
#1273  $dep
#1275  hier
#1277  h2inc
#1279  vert
#127B  dann
#127D  retex

#1285  #0001  [je]
#1287  1bliteral
#1289  #0E
#128A  code-addr
#128C  $dep
#128E  hier
#1290  h2inc
#1292  retex

#129A  #0001  [nun]
#129C  1bliteral
#129E  #10
#129F  code-addr
#12A1  $dep
#12A3  dup
#12A5  dann
#12A7  1bliteral
#12A9  #02
#12AA  +n
#12AC  $dep
#12AE  retex

#12B6  #0001  [+nun]
#12B8  1bliteral
#12BA  #12
#12BB  code-addr
#12BD  $dep
#12BF  dup
#12C1  dann
#12C3  1bliteral
#12C5  #02
#12C6  +n
#12C8  $dep
#12CA  retex

#12D2  #0001  [anfang]
#12D4  hier
#12D6  retex

#12DE  #0001  [ende?]
#12E0  1bliteral
#12E2  #0A
#12E3  code-addr
#12E5  $dep
#12E7  $dep
#12E9  retex

#12F1  #0001  [dann/nochmal]
#12F3  vert
#12F5  1bliteral
#12F7  #0C
#12F8  code-addr
#12FA  $dep
#12FC  $dep
#12FE  dann
#1300  retex

#1308  #0001  [kon]
#130A  entrysetup
#130C  bronz
#130E  #131B
#1310  1bliteral
#1312  #04
#1313  code-addr
#1315  vert
#1317  !O
#1319  $dep
#131B  retex

#1323  #0001  [var]
#1325  entrysetup
#1327  bronz
#1329  #1336
#132B  1bliteral
#132D  #02
#132E  code-addr
#1330  vert
#1332  !O
#1334  $dep
#1336  retex

#133E  #0001  [feld]
#1340  entrysetup
#1342  bronz
#1344  #1357
#1346  1bliteral
#1348  #02
#1349  code-addr
#134B  vert
#134D  !O
#134F  hier
#1351  +n
#1353  $h
#1355  !n
#1357  retex

#135F  #0003  [sp]
#1361  #00
#1362  #01

#1369  #0001  [!char]
#136B  sp
#136D  @n
#136F  !b
#1371  sp
#1373  incr
#1375  retex

#137D  #0001  [tliteral]
#137F  i
#1381  1bliteral
#1383  #01
#1384  +n
#1386  r>s
#1388  @b
#138A  pdup
#138C  +n
#138E  s>r
#1390  sp
#1392  @n
#1394  pdup
#1396  +n
#1398  sp
#139A  !n
#139C  vert
#139E  >>>n
#13A0  retex

#13A8  #0001  [~]
#13AA  $pi
#13AC  incr
#13AE  $pi
#13B0  @n
#13B2  1bliteral
#13B4  #00
#13B5  zwo
#13B7  dup
#13B9  2bliteral
#13BB  #0101
#13BD  +n
#13BF  dup
#13C1  $tve
#13C3  >n
#13C5  bronz
#13C7  #13CD
#13C9  weg
#13CB  $tve
#13CD  $jeex
#13CF  #13F1
#13D1  $pi
#13D3  @n
#13D5  @b
#13D7  1bliteral
#13D9  #7E
#13DA  =n
#13DC  bronz
#13DE  #13EB
#13E0  r>s
#13E2  pweg
#13E4  1bliteral
#13E6  #01
#13E7  i
#13E9  s>r
#13EB  $pi
#13ED  incr
#13EF  loopex
#13F1  #13D1
#13F3  zwo
#13F5  $pi
#13F7  @n
#13F9  1bliteral
#13FB  #02
#13FC  -n
#13FE  vert
#1400  -n
#1402  dup
#1404  >0n
#1406  rdo
#1408  und
#140A  bronz
#140C  #143A
#140E  compileflag
#1410  @n
#1412  bronz
#1414  #1436
#1416  s>r
#1418  i
#141A  tliteral
#141C  $dep
#141E  hier
#1420  !b
#1422  $h
#1424  incr
#1426  hier
#1428  i
#142A  >>>n
#142C  hier
#142E  r>s
#1430  +n
#1432  $h
#1434  !n
#1436  jump
#1438  #1442
#143A  textmessage
#143C  syswrite
#143E  vert
#1440  weg
#1442  retex

#144A  #0001  [!t]
#144C  vert
#144E  >>>n
#1450  retex

#1458  #0001  [leerz]
#145A  s>r
#145C  sp
#145E  @n
#1460  1bliteral
#1462  #20
#1463  zwo
#1465  !b
#1467  dup
#1469  1bliteral
#146B  #01
#146C  +n
#146E  r>s
#1470  1bliteral
#1472  #01
#1473  -n
#1475  l>>>
#1477  retex

#147F  #0001  [ok]
#1481  sp
#1483  @n
#1485  sysline
#1487  sp
#1489  !n
#148B  1bliteral
#148D  #40
#148E  leerz
#1490  sp
#1492  !n
#1494  retex

#149C  #0001  [!fk]
#149E  s>r
#14A0  i
#14A2  1bliteral
#14A4  #02
#14A5  *n
#14A7  +n
#14A9  1bliteral
#14AB  #01
#14AC  r>s
#14AE  $jeex
#14B0  #14C1
#14B2  1bliteral
#14B4  #02
#14B5  -n
#14B7  dup
#14B9  s>r
#14BB  !n
#14BD  r>s
#14BF  loopex
#14C1  #14B2
#14C3  weg
#14C5  retex

#14CD  #0001  [wand]
#14CF  basis
#14D1  @n
#14D3  1bliteral
#14D5  #0A
#14D6  =n
#14D8  bronz
#14DA  #14F6
#14DC  dup
#14DE  <0n
#14E0  bronz
#14E2  #14EB
#14E4  chs
#14E6  1bliteral
#14E8  #2D
#14E9  !char
#14EB  2bliteral
#14ED  #2710
#14EF  1bliteral
#14F1  #00
#14F2  jump
#14F4  #1509
#14F6  1bliteral
#14F8  #10
#14F9  basis
#14FB  !n
#14FD  1bliteral
#14FF  #23
#1500  !char
#1502  2bliteral
#1504  #1000
#1506  1bliteral
#1508  #01
#1509  s>r
#150B  vert
#150D  zwo
#150F  /mod
#1511  vert
#1513  i
#1515  nicht
#1517  bronz
#1519  #152C
#151B  dup
#151D  >0n
#151F  bronz
#1521  #152C
#1523  r>s
#1525  weg
#1527  1bliteral
#1529  #01
#152A  s>r
#152C  i
#152E  bronz
#1530  #154B
#1532  dup
#1534  1bliteral
#1536  #30
#1537  +n
#1539  dup
#153B  1bliteral
#153D  #39
#153E  >n
#1540  bronz
#1542  #1549
#1544  1bliteral
#1546  #07
#1547  +n
#1549  !char
#154B  weg
#154D  vert
#154F  basis
#1551  @n
#1553  /n
#1555  dup
#1557  =0n
#1559  bronz
#155B  #150B
#155D  pweg
#155F  r>s
#1561  nicht
#1563  bronz
#1565  #156C
#1567  1bliteral
#1569  #30
#156A  !char
#156C  retex

#1574  #0001  [zeig-stapel]
#1576  $p2
#1578  @n
#157A  bronz
#157C  #15F8
#157E  sp
#1580  @n
#1582  s>r
#1584  $tvs
#1586  sp
#1588  !n
#158A  1bliteral
#158C  #80
#158D  leerz
#158F  $psholen
#1591  $sl
#1593  zwo
#1595  -n
#1597  dup
#1599  1bliteral
#159B  #20
#159C  >n
#159E  bronz
#15A0  #15A7
#15A2  weg
#15A4  1bliteral
#15A6  #20
#15A7  s>r
#15A9  i
#15AB  +n
#15AD  i
#15AF  >0n
#15B1  bronz
#15B3  #15EE
#15B5  dup
#15B7  i
#15B9  -n
#15BB  dup
#15BD  1bliteral
#15BF  #01
#15C0  +n
#15C2  @b
#15C4  2bliteral
#15C6  #0100
#15C8  *n
#15CA  vert
#15CC  @b
#15CE  +n
#15D0  r>s
#15D2  1bliteral
#15D4  #02
#15D5  -n
#15D7  s>r
#15D9  $tvs
#15DB  i
#15DD  1bliteral
#15DF  #04
#15E0  *n
#15E2  +n
#15E4  sp
#15E6  !n
#15E8  wand
#15EA  jump
#15EC  #15AD
#15EE  r>s
#15F0  pweg
#15F2  r>s
#15F4  sp
#15F6  !n
#15F8  retex

#1600  #0001  [?n]
#1602  $getadr
#1604  bronz
#1606  #160D
#1608  1bliteral
#160A  #02
#160B  +n
#160D  retex

#1615  #0001  [schreib]
#1617  s>r
#1619  sp
#161B  @n
#161D  i
#161F  >>>n
#1621  sp
#1623  @n
#1625  r>s
#1627  +n
#1629  sp
#162B  !n
#162D  retex

#1635  #0001  [weg/ab]
#1637  $getadr
#1639  bronz
#163B  #1667
#163D  dup
#163F  $ll
#1641  vert
#1643  >=u
#1645  bronz
#1647  #164F
#1649  ie
#164B  jump
#164D  #1667
#164F  1bliteral
#1651  #02
#1652  -n
#1654  dup
#1656  @n
#1658  link-addr
#165A  !n
#165C  $OC-
#165E  1bliteral
#1660  #04
#1661  -n
#1663  $h
#1665  !n
#1667  retex

#166F  #0001  [aweg]
#1671  $sl
#1673  $pssetzen
#1675  retex

#167D  #0001  [$save]
#167F  $savecode
#1681  dup
#1683  =0n
#1685  bronz
#1687  #168F
#1689  ie
#168B  jump
#168D  #1691
#168F  weg
#1691  retex

#1699  #0001  [$load]
#169B  $loadcode
#169D  dup
#169F  =0n
#16A1  bronz
#16A3  #16AB
#16A5  ie
#16A7  jump
#16A9  #16AD
#16AB  weg
#16AD  retex

#16B5  #0001  [oscli]
#16B7  $osclicode
#16B9  dup
#16BB  =0n
#16BD  bronz
#16BF  #16C7
#16C1  ie
#16C3  jump
#16C5  #16C9
#16C7  weg
#16C9  retex

#16D1  #0001  [read]
#16D3  $openfile
#16D5  dup
#16D7  =0n
#16D9  bronz
#16DB  #16E2
#16DD  ie
#16DF  1bliteral
#16E1  #00
#16E2  loadflag
#16E4  !b
#16E6  retex

#16EE  #0001  [lang]
#16F0  <>0n
#16F2  bronz
#16F4  #1700
#16F6  l-stackmessage
#16F8  stackmessage
#16FA  -n
#16FC  jump
#16FE  #1703
#1700  1bliteral
#1702  #00
#1703  2bliteral
#1705  #0CF8
#1707  1bliteral
#1709  #02
#170A  +n
#170C  !n
#170E  retex

#1716  #0001  [fsize]
#1718  1bliteral
#171A  #00
#171B  rdu
#171D  fopen
#171F  dup
#1721  <>0n
#1723  bronz
#1725  #1750
#1727  dup
#1729  1bliteral
#172B  #00
#172C  1bliteral
#172E  #00
#172F  rdo
#1731  1bliteral
#1733  #02
#1734  vert
#1736  fseek
#1738  =0n
#173A  bronz
#173C  #1746
#173E  2bliteral
#1740  #FFFF
#1742  2bliteral
#1744  #FFFF
#1746  rdo
#1748  fclose
#174A  weg
#174C  jump
#174E  #175A
#1750  weg
#1752  2bliteral
#1754  #FFFF
#1756  2bliteral
#1758  #FFFF
#175A  retex

#1762  #0001  [X>]
#1764  $O
#1766  @n
#1768  =0n
#176A  bronz
#176C  #1788
#176E  hier
#1770  $Oh
#1772  !n
#1774  $nh
#1776  @n
#1778  $h
#177A  !n
#177C  $Ot
#177E  @n
#1780  $O
#1782  !n
#1784  jump
#1786  #178D
#1788  1bliteral
#178A  #00
#178B  ie
#178D  retex

#1795  #0001  [<X]
#1797  $O
#1799  @n
#179B  <>0n
#179D  bronz
#179F  #17C2
#17A1  hier
#17A3  $nh
#17A5  !n
#17A7  $Oh
#17A9  @n
#17AB  $h
#17AD  !n
#17AF  $O
#17B1  @n
#17B3  $Ot
#17B5  !n
#17B7  1bliteral
#17B9  #00
#17BA  $O
#17BC  !n
#17BE  jump
#17C0  #17C7
#17C2  1bliteral
#17C4  #00
#17C5  ie
#17C7  retex

#17CF  #0001  [X>>]
#17D1  $O
#17D3  @n
#17D5  =0n
#17D7  bronz
#17D9  #17E1
#17DB  hier
#17DD  $Oh
#17DF  !n
#17E1  1bliteral
#17E3  #02
#17E4  $h
#17E6  !n
#17E8  1bliteral
#17EA  #00
#17EB  $ccodes
#17ED  1bliteral
#17EF  #16
#17F0  +n
#17F2  !n
#17F4  $OZ
#17F6  $O
#17F8  !n
#17FA  retex
